#
# A fatal error has been detected by the Java Runtime Environment:
#
#  SIGBUS (0xa) at pc=0x0000000107c97c9e, pid=1218, tid=24579
#
# JRE version: OpenJDK Runtime Environment (19.0.2+7) (build 19.0.2+7-44)
# Java VM: OpenJDK 64-Bit Server VM (19.0.2+7-44, mixed mode, emulated-client, sharing, tiered, compressed oops, compressed class ptrs, g1 gc, bsd-amd64)
# Problematic frame:
# V  [libjvm.dylib+0x497c9e]  G1ParScanThreadState::do_copy_to_survivor_space(G1HeapRegionAttr, oopDesc*, markWord)+0x3e
#
# No core dump will be written. Core dumps have been disabled. To enable core dumping, try "ulimit -c unlimited" before starting Java again
#
# If you would like to submit a bug report, please visit:
#   https://bugreport.java.com/bugreport/crash.jsp
#

---------------  S U M M A R Y ------------

Command Line: -XX:TieredStopAtLevel=1 -Dspring.output.ansi.enabled=always -Dcom.sun.management.jmxremote -Dspring.jmx.enabled=true -Dspring.liveBeansView.mbeanDomain -Dspring.application.admin.enabled=true -Dmanagement.endpoints.jmx.exposure.include=* -javaagent:/Applications/IntelliJ IDEA.app/Contents/lib/idea_rt.jar=50006:/Applications/IntelliJ IDEA.app/Contents/bin -Dfile.encoding=UTF-8 -Dsun.stdout.encoding=UTF-8 -Dsun.stderr.encoding=UTF-8 com.AjoPay.AjoPay.AjoPayApplication

Host: "MacBookAir7,2" x86_64 1600 MHz, 4 cores, 8G, Darwin 20.3.0, macOS 11.2.3 (20D91)
Time: Thu Jun  8 18:42:52 2023 WAT elapsed time: 10.528889 seconds (0d 0h 0m 10s)

---------------  T H R E A D  ---------------

Current thread (0x00007ff586764830):  WorkerThread "GC Thread#3" [stack: 0x000070000770c000,0x000070000780c000] [id=24579]

Stack: [0x000070000770c000,0x000070000780c000],  sp=0x000070000780a680,  free space=1017k
Native frames: (J=compiled Java code, j=interpreted, Vv=VM code, C=native code)
V  [libjvm.dylib+0x497c9e]  G1ParScanThreadState::do_copy_to_survivor_space(G1HeapRegionAttr, oopDesc*, markWord)+0x3e
V  [libjvm.dylib+0x496fcb]  G1ParScanThreadState::trim_queue_to_threshold(unsigned int)+0x34b
V  [libjvm.dylib+0x4b4e0d]  void G1ParCopyClosure<(G1Barrier)0, false>::do_oop_work<oopDesc*>(oopDesc**)+0x23d
V  [libjvm.dylib+0x8eba17]  InterpreterOopMap::iterate_oop(OffsetClosure*) const+0xa7
V  [libjvm.dylib+0x43a70f]  frame::oops_interpreted_do(OopClosure*, RegisterMap const*, bool) const+0x35f
V  [libjvm.dylib+0xa67c13]  JavaThread::oops_do_frames(OopClosure*, CodeBlobClosure*)+0x163
V  [libjvm.dylib+0xa6d223]  ParallelOopsDoThreadClosure::do_thread(Thread*)+0x63
V  [libjvm.dylib+0xa697c8]  Threads::possibly_parallel_threads_do(bool, ThreadClosure*)+0x58
V  [libjvm.dylib+0xa6b8f4]  Threads::possibly_parallel_oops_do(bool, OopClosure*, CodeBlobClosure*)+0x24
V  [libjvm.dylib+0x4b7013]  G1RootProcessor::process_java_roots(G1RootClosures*, G1GCPhaseTimes*, unsigned int)+0x63
V  [libjvm.dylib+0x4b6f2c]  G1RootProcessor::evacuate_roots(G1ParScanThreadState*, unsigned int)+0x5c
V  [libjvm.dylib+0x4c055f]  G1EvacuateRegionsTask::scan_roots(G1ParScanThreadState*, unsigned int)+0x1f
V  [libjvm.dylib+0x4c0445]  G1EvacuateRegionsBaseTask::work(unsigned int)+0x75
V  [libjvm.dylib+0xb1429c]  WorkerThread::run()+0x7c
V  [libjvm.dylib+0xa63e4f]  Thread::call_run()+0xcf
V  [libjvm.dylib+0x8f7677]  thread_native_entry(Thread*)+0x147
C  [libsystem_pthread.dylib+0x6950]  _pthread_start+0xe0
C  [libsystem_pthread.dylib+0x247b]  thread_start+0xf

JavaThread 0x00007ff586809000 (nid = 10243) was being processed
Java frames: (J=compiled Java code, j=interpreted, Vv=VM code)
v  ~RuntimeStub::new_type_array Runtime1 stub 0x00000001112dd1de
J 625 c1 jdk.internal.org.objectweb.asm.ByteVector.enlarge(I)V java.base@19.0.2 (73 bytes) @ 0x00000001113c27c8 [0x00000001113c25e0+0x00000000000001e8]
J 292 c1 jdk.internal.org.objectweb.asm.ByteVector.putUTF8(Ljava/lang/String;)Ljdk/internal/org/objectweb/asm/ByteVector; java.base@19.0.2 (144 bytes) @ 0x00000001113491ac [0x0000000111349100+0x00000000000000ac]
J 299 c1 jdk.internal.org.objectweb.asm.SymbolTable.addConstantUtf8(Ljava/lang/String;)I java.base@19.0.2 (98 bytes) @ 0x000000011134ad64 [0x000000011134ac00+0x0000000000000164]
J 398 c1 jdk.internal.org.objectweb.asm.SymbolTable.addConstantUtf8Reference(ILjava/lang/String;)Ljdk/internal/org/objectweb/asm/Symbol; java.base@19.0.2 (101 bytes) @ 0x000000011137b3e4 [0x000000011137b280+0x0000000000000164]
J 607 c1 jdk.internal.org.objectweb.asm.SymbolTable.addConstantMemberReference(ILjava/lang/String;Ljava/lang/String;Ljava/lang/String;)Ljdk/internal/org/objectweb/asm/SymbolTable$Entry; java.base@19.0.2 (147 bytes) @ 0x00000001113bb16c [0x00000001113baf40+0x000000000000022c]
J 613 c1 jdk.internal.org.objectweb.asm.MethodWriter.visitMethodInsn(ILjava/lang/String;Ljava/lang/String;Ljava/lang/String;Z)V java.base@19.0.2 (191 bytes) @ 0x00000001113bd194 [0x00000001113bd120+0x0000000000000074]
J 1685 c1 java.lang.invoke.InvokerBytecodeGenerator.emitStaticInvoke(Ljava/lang/invoke/MemberName;Ljava/lang/invoke/LambdaForm$Name;)V java.base@19.0.2 (258 bytes) @ 0x000000011155dd84 [0x000000011155db00+0x0000000000000284]
j  java.lang.invoke.InvokerBytecodeGenerator.addMethod()V+698 java.base@19.0.2
j  java.lang.invoke.InvokerBytecodeGenerator.generateCustomizedCodeBytes()[B+6 java.base@19.0.2
J 3097 c1 java.lang.invoke.LambdaForm.compileToBytecode()V java.base@19.0.2 (164 bytes) @ 0x00000001117c2d5c [0x00000001117c2c00+0x000000000000015c]
j  java.lang.invoke.DirectMethodHandle.makePreparedLambdaForm(Ljava/lang/invoke/MethodType;I)Ljava/lang/invoke/LambdaForm;+792 java.base@19.0.2
J 919 c1 java.lang.invoke.DirectMethodHandle.preparedLambdaForm(Ljava/lang/invoke/MemberName;Z)Ljava/lang/invoke/LambdaForm; java.base@19.0.2 (244 bytes) @ 0x000000011142ceec [0x000000011142cd60+0x000000000000018c]
J 1255 c1 java.lang.invoke.DirectMethodHandle.make(BLjava/lang/Class;Ljava/lang/invoke/MemberName;Ljava/lang/Class;)Ljava/lang/invoke/DirectMethodHandle; java.base@19.0.2 (275 bytes) @ 0x00000001114bc12c [0x00000001114bbb20+0x000000000000060c]
J 1465 c1 java.lang.invoke.MethodHandles$Lookup.getDirectMethodCommon(BLjava/lang/Class;Ljava/lang/invoke/MemberName;ZZLjava/lang/invoke/MethodHandles$Lookup;)Ljava/lang/invoke/MethodHandle; java.base@19.0.2 (280 bytes) @ 0x000000011150d67c [0x000000011150d2a0+0x00000000000003dc]
j  java.lang.invoke.MethodHandles$Lookup.getDirectMethod(BLjava/lang/Class;Ljava/lang/invoke/MemberName;Ljava/lang/invoke/MethodHandles$Lookup;)Ljava/lang/invoke/MethodHandle;+14 java.base@19.0.2
j  java.lang.invoke.MethodHandles$Lookup.findStatic(Ljava/lang/Class;Ljava/lang/String;Ljava/lang/invoke/MethodType;)Ljava/lang/invoke/MethodHandle;+23 java.base@19.0.2
j  java.lang.runtime.ObjectMethods.<clinit>()V+513 java.base@19.0.2
v  ~StubRoutines::call_stub 0x00000001111d8cc6
J 1707  jdk.internal.misc.Unsafe.ensureClassInitialized0(Ljava/lang/Class;)V java.base@19.0.2 (0 bytes) @ 0x0000000111565774 [0x0000000111565720+0x0000000000000054]
J 1732 c1 jdk.internal.misc.Unsafe.ensureClassInitialized(Ljava/lang/Class;)V java.base@19.0.2 (18 bytes) @ 0x000000011157357c [0x0000000111573540+0x000000000000003c]
j  java.lang.invoke.DirectMethodHandle.checkInitialized(Ljava/lang/invoke/MemberName;)Z+9 java.base@19.0.2
j  java.lang.invoke.DirectMethodHandle.ensureInitialized()V+4 java.base@19.0.2
j  java.lang.invoke.DirectMethodHandle.internalMemberNameEnsureInit(Ljava/lang/Object;)Ljava/lang/Object;+6 java.base@19.0.2
j  java.lang.invoke.LambdaForm$DMH+0x0000000801348000.invokeStaticInit(Ljava/lang/Object;Ljava/lang/Object;Ljava/lang/Object;Ljava/lang/Object;Ljava/lang/Object;Ljava/lang/Object;Ljava/lang/Object;)Ljava/lang/Object;+1 java.base@19.0.2
j  java.lang.invoke.LambdaForm$MH+0x000000080134b800.invoke(Ljava/lang/Object;Ljava/lang/Object;Ljava/lang/Object;Ljava/lang/Object;Ljava/lang/Object;Ljava/lang/Object;Ljava/lang/Object;Ljava/lang/Object;Ljava/lang/Object;Ljava/lang/Object;Ljava/lang/Object;Ljava/lang/Object;Ljava/lang/Object;)Ljava/lang/Object;+214 java.base@19.0.2
j  java.lang.invoke.LambdaForm$MH+0x000000080134cc00.invoke(Ljava/lang/Object;Ljava/lang/Object;Ljava/lang/Object;Ljava/lang/Object;Ljava/lang/Object;Ljava/lang/Object;)Ljava/lang/Object;+122 java.base@19.0.2
j  java.lang.invoke.Invokers$Holder.invokeExact_MT(Ljava/lang/Object;Ljava/lang/Object;Ljava/lang/Object;Ljava/lang/Object;Ljava/lang/Object;Ljava/lang/Object;Ljava/lang/Object;)Ljava/lang/Object;+26 java.base@19.0.2
j  java.lang.invoke.BootstrapMethodInvoker.invokeWithManyArguments(Ljava/lang/invoke/MethodHandle;Ljava/lang/invoke/MethodHandles$Lookup;Ljava/lang/String;Ljava/lang/Object;[Ljava/lang/Object;)Ljava/lang/Object;+97 java.base@19.0.2
J 1500 c1 java.lang.invoke.BootstrapMethodInvoker.invoke(Ljava/lang/Class;Ljava/lang/invoke/MethodHandle;Ljava/lang/String;Ljava/lang/Object;Ljava/lang/Object;Ljava/lang/Class;)Ljava/lang/Object; java.base@19.0.2 (974 bytes) @ 0x000000011151c92c [0x000000011151bae0+0x0000000000000e4c]
J 1496 c1 java.lang.invoke.CallSite.makeSite(Ljava/lang/invoke/MethodHandle;Ljava/lang/String;Ljava/lang/invoke/MethodType;Ljava/lang/Object;Ljava/lang/Class;)Ljava/lang/invoke/CallSite; java.base@19.0.2 (91 bytes) @ 0x0000000111519164 [0x0000000111519120+0x0000000000000044]
J 1495 c1 java.lang.invoke.MethodHandleNatives.linkCallSiteImpl(Ljava/lang/Class;Ljava/lang/invoke/MethodHandle;Ljava/lang/String;Ljava/lang/invoke/MethodType;Ljava/lang/Object;[Ljava/lang/Object;)Ljava/lang/invoke/MemberName; java.base@19.0.2 (44 bytes) @ 0x00000001115187b4 [0x0000000111518780+0x0000000000000034]
J 1494 c1 java.lang.invoke.MethodHandleNatives.linkCallSite(Ljava/lang/Object;Ljava/lang/Object;Ljava/lang/Object;Ljava/lang/Object;Ljava/lang/Object;[Ljava/lang/Object;)Ljava/lang/invoke/MemberName; java.base@19.0.2 (65 bytes) @ 0x0000000111517f6c [0x0000000111517e60+0x000000000000010c]
v  ~StubRoutines::call_stub 0x00000001111d8cc6
j  org.springframework.cglib.proxy.Enhancer$EnhancerKey.hashCode()I+1
J 93 c1 java.util.concurrent.ConcurrentHashMap.get(Ljava/lang/Object;)Ljava/lang/Object; java.base@19.0.2 (162 bytes) @ 0x000000011130b274 [0x000000011130b220+0x0000000000000054]
j  org.springframework.cglib.core.internal.LoadingCache.get(Ljava/lang/Object;)Ljava/lang/Object;+16
j  org.springframework.cglib.core.AbstractClassGenerator$ClassLoaderData.get(Lorg/springframework/cglib/core/AbstractClassGenerator;Z)Ljava/lang/Object;+15
j  org.springframework.cglib.core.AbstractClassGenerator.create(Ljava/lang/Object;)Ljava/lang/Object;+115
j  org.springframework.cglib.proxy.Enhancer.createHelper()Ljava/lang/Object;+102
j  org.springframework.cglib.proxy.Enhancer.createClass()Ljava/lang/Class;+6
j  org.springframework.context.annotation.ConfigurationClassEnhancer.createClass(Lorg/springframework/cglib/proxy/Enhancer;)Ljava/lang/Class;+1
j  org.springframework.context.annotation.ConfigurationClassEnhancer.enhance(Ljava/lang/Class;Ljava/lang/ClassLoader;)Ljava/lang/Class;+53
j  org.springframework.context.annotation.ConfigurationClassPostProcessor.enhanceConfigurationClasses(Lorg/springframework/beans/factory/config/ConfigurableListableBeanFactory;)V+415
j  org.springframework.context.annotation.ConfigurationClassPostProcessor.postProcessBeanFactory(Lorg/springframework/beans/factory/config/ConfigurableListableBeanFactory;)V+75
j  org.springframework.context.support.PostProcessorRegistrationDelegate.invokeBeanFactoryPostProcessors(Ljava/util/Collection;Lorg/springframework/beans/factory/config/ConfigurableListableBeanFactory;)V+61
j  org.springframework.context.support.PostProcessorRegistrationDelegate.invokeBeanFactoryPostProcessors(Lorg/springframework/beans/factory/config/ConfigurableListableBeanFactory;Ljava/util/List;)V+521
j  org.springframework.context.support.AbstractApplicationContext.invokeBeanFactoryPostProcessors(Lorg/springframework/beans/factory/config/ConfigurableListableBeanFactory;)V+5
j  org.springframework.context.support.AbstractApplicationContext.refresh()V+53
j  org.springframework.boot.web.servlet.context.ServletWebServerApplicationContext.refresh()V+1
j  org.springframework.boot.SpringApplication.refresh(Lorg/springframework/context/ConfigurableApplicationContext;)V+1
j  org.springframework.boot.SpringApplication.refreshContext(Lorg/springframework/context/ConfigurableApplicationContext;)V+16
j  org.springframework.boot.SpringApplication.run([Ljava/lang/String;)Lorg/springframework/context/ConfigurableApplicationContext;+101
j  org.springframework.boot.SpringApplication.run([Ljava/lang/Class;[Ljava/lang/String;)Lorg/springframework/context/ConfigurableApplicationContext;+9
j  org.springframework.boot.SpringApplication.run(Ljava/lang/Class;[Ljava/lang/String;)Lorg/springframework/context/ConfigurableApplicationContext;+9
j  com.AjoPay.AjoPay.AjoPayApplication.main([Ljava/lang/String;)V+3
v  ~StubRoutines::call_stub 0x00000001111d8cc6

siginfo: si_signo: 10 (SIGBUS), si_code: 2 (BUS_ADRERR), si_addr: 0x00000008081c4730

Registers:
RAX=0x0000000108537901, RBX=0x00000008081c4728, RCX=0x0000000000000000, RDX=0x00000001084f42e0
RSP=0x000070000780a680, RBP=0x000070000780a6e0, RSI=0x0000000000000001, RDI=0x00007ff5895fe8a0
R8 =0x0000000000000003, R9 =0x0000000782847800, R10=0x000000010852a818, R11=0xfffffffffea9ed00
R12=0x0000000000000001, R13=0x00000007812e5c2c, R14=0x0000000000000001, R15=0x00007ff5895fe8a0
RIP=0x0000000107c97c9e, EFLAGS=0x0000000000010206, ERR=0x0000000000000004
  TRAPNO=0x000000000000000e


Register to memory mapping:

RAX=0x0000000108537901: _ZN13GlobalCounter15_global_counterE+0x69 in /Users/deca/Library/Java/JavaVirtualMachines/openjdk-19.0.2/Contents/Home/lib/server/libjvm.dylib at 0x0000000107800000
RBX=0x00000008081c4728 is an unknown value
RCX=0x0 is NULL
RDX=0x00000001084f42e0: _ZN23CompressedKlassPointers13_narrow_klassE+0 in /Users/deca/Library/Java/JavaVirtualMachines/openjdk-19.0.2/Contents/Home/lib/server/libjvm.dylib at 0x0000000107800000
RSP=0x000070000780a680 points into unknown readable memory: 0x00000001812ae348 | 48 e3 2a 81 01 00 00 00
RBP=0x000070000780a6e0 points into unknown readable memory: 0x000070000780a720 | 20 a7 80 07 00 70 00 00
RSI=0x0000000000000001 is an unknown value
RDI=0x00007ff5895fe8a0 points into unknown readable memory: 0x00000001084d0778 | 78 07 4d 08 01 00 00 00
R8 =0x0000000000000003 is an unknown value
R9 =
[error occurred during error reporting (printing register info), id 0xa, SIGBUS (0xa) at pc=0x0000000107c48a7b]

Top of Stack: (sp=0x000070000780a680)
0x000070000780a680:   00000001812ae348 000000080107c0a8
0x000070000780a690:   00007ff5895fe8a0 0000000000000001
0x000070000780a6a0:   0000000000000001 0000000782849378
0x000070000780a6b0:   000170000780a6e0 00007ff5895fe8a0
0x000070000780a6c0:   00007ff5895fe8a0 00000007812e5c2c
0x000070000780a6d0:   0000000000000040 00000001084f42d0
0x000070000780a6e0:   000070000780a720 0000000107c96fcb
0x000070000780a6f0:   00007ff5895fe8b8 00007ff5895fe8a0
0x000070000780a700:   0000000000000004 0000000020015555
0x000070000780a710:   0000000272f51f86 00000003e917a7d6
0x000070000780a720:   000070000780a760 0000000107cb4e0d
0x000070000780a730:   0000000107cb4bb0 0000000000000001
0x000070000780a740:   0000000000000004 0000000020015555
0x000070000780a750:   0000000000000001 000070000780a820
0x000070000780a760:   000070000780a7b0 00000001080eba17
0x000070000780a770:   000070000780a7f8 000070000780a7e0
0x000070000780a780:   0000000f1af17570 000070000780a7e0
0x000070000780a790:   00007ff5895fe7a8 00007ff586764830
0x000070000780a7a0:   000000011af17570 000070000780a8c8
0x000070000780a7b0:   000070000780a8b0 0000000107c3a70f
0x000070000780a7c0:   000000011130b220 000000011af173c7
0x000070000780a7d0:   00000001000000b6 000000011af17570
0x000070000780a7e0:   000000011af17570 0000001e084e019f
0x000070000780a7f0:   0000700000000000 0000000020015555
0x000070000780a800:   0000000000000000 0000000000000000
0x000070000780a810:   0000000000000000 0000000100000009
0x000070000780a820:   00000001084cdff0 000070000780a8c8
0x000070000780a830:   00007ff5895fe7a8 000000070000000f
0x000070000780a840:   000070000780a880 00007000062464f0
0x000070000780a850:   000000011af17570 00007ff586764830
0x000070000780a860:   000070000780a900 000070000780bb80
0x000070000780a870:   000070000780bb80 000000010780a8c8 

Instructions: (pc=0x0000000107c97c9e)
0x0000000107c97b9e:   4c 8b 4d c8 81 7d a4 ff 00 00 00 77 40 48 8d 05
0x0000000107c97bae:   ee 41 8b 00 48 39 18 75 34 0f b7 45 d6 3d ff 00
0x0000000107c97bbe:   00 00 77 0e 48 8d 05 df 41 8b 00 44 39 00 74 0e
0x0000000107c97bce:   eb 1b 48 8d 05 d5 41 8b 00 44 39 00 76 0f 49 8d
0x0000000107c97bde:   bf f8 01 00 00 4c 89 ce e8 e5 7a 52 00 31 c0 45
0x0000000107c97bee:   84 f6 0f 94 c0 41 89 87 a0 01 00 00 49 81 c7 80
0x0000000107c97bfe:   01 00 00 48 63 43 0c 48 8d 0d 3c e1 85 00 4c 89
0x0000000107c97c0e:   ff 4c 89 e6 48 89 da ff 14 c1 4d 89 e6 4c 89 f0
0x0000000107c97c1e:   48 83 c4 38 5b 41 5c 41 5d 41 5e 41 5f 5d c3 0f
0x0000000107c97c2e:   1f 00 44 fd ff ff 3d fd ff ff 34 fd ff ff 2b fd
0x0000000107c97c3e:   ff ff 22 fd ff ff 19 fd ff ff 10 fd ff ff 07 fd
0x0000000107c97c4e:   ff ff fe fc ff ff 66 2e 0f 1f 84 00 00 00 00 00
0x0000000107c97c5e:   66 90 55 48 89 e5 41 57 41 56 41 55 41 54 53 48
0x0000000107c97c6e:   83 ec 38 49 89 cc 49 89 d1 41 89 f6 49 89 ff 48
0x0000000107c97c7e:   8d 05 3d fd 89 00 8a 00 84 c0 74 29 41 8b 59 08
0x0000000107c97c8e:   48 8d 15 4b c6 85 00 8a 4a 08 48 d3 e3 48 03 1a
0x0000000107c97c9e:   44 8b 6b 08 45 85 ed 4c 89 4d c8 7e 19 41 f6 c5
0x0000000107c97cae:   01 75 18 eb 62 49 8b 59 08 44 8b 6b 08 45 85 ed
0x0000000107c97cbe:   4c 89 4d c8 7f e7 45 85 ed 78 18 48 8b 03 48 89
0x0000000107c97cce:   df 4c 89 ce ff 90 00 01 00 00 4c 8b 4d c8 49 89
0x0000000107c97cde:   c5 eb 38 31 c9 84 c0 0f 94 c1 49 63 44 89 0c 44
0x0000000107c97cee:   89 e9 48 d3 e0 41 c1 ed 10 41 0f b6 cd 48 01 c1
0x0000000107c97cfe:   48 8d 05 73 e8 85 00 48 63 00 48 8d 4c 08 ff f7
0x0000000107c97d0e:   d8 4c 63 e8 49 21 cd 49 c1 ed 03 4c 89 65 c0 41
0x0000000107c97d1e:   0f b7 c6 3d ff 00 00 00 48 89 5d a8 89 45 a4 4c
0x0000000107c97d2e:   89 65 b8 77 41 4d 89 e0 41 f6 c4 01 75 10 48 8d
0x0000000107c97d3e:   7d c0 e8 6b cb 3c 00 4c 8b 4d c8 49 89 c0 41 c1
0x0000000107c97d4e:   e8 03 41 83 e0 0f 44 89 f2 81 e2 00 ff ff ff 31
0x0000000107c97d5e:   c9 45 3b 87 78 01 00 00 41 0f 42 ce b8 00 01 00
0x0000000107c97d6e:   00 0f 42 c2 eb 09 66 b8 00 01 45 31 c0 31 c9 09
0x0000000107c97d7e:   c8 66 89 45 d6 49 8b 57 08 4c 89 7d b0 49 8b 77
0x0000000107c97d8e:   70 8a 8a 48 02 00 00 4c 89 cf 48 d3 ef 48 8b 8a 


Stack slot to memory mapping:
stack at sp + 0 slots: 0x00000001812ae348 is an unknown value
stack at sp + 1 slots: 0x000000080107c0a8 is a pointer to class: 
java.util.LinkedHashMap$LinkedKeySet {0x000000080107c0a8}
 - instance size:     2
 - klass size:        127
 - access:            final synchronized 
 - state:             fully_initialized
 - name:              'java/util/LinkedHashMap$LinkedKeySet'
 - super:             'java/util/AbstractSet'
 - sub:               
 - arrays:            NULL
 - methods:           Array<T>(0x000000011a6134d8)
 - method ordering:   Array<T>(0x0000000800b0d290)
 - default_methods:   Array<T>(0x000000011a613d08)
 - default vtable indices:   Array<T>(0x000000011a613d30)
 - local interfaces:  Array<T>(0x00000008006004c8)
 - trans. interfaces: Array<T>(0x0000000800850b00)
 - constants:         constant pool [130] {0x000000011a612ff8} for 'java/util/LinkedHashMap$LinkedKeySet' cache=0x000000011a613d48
 - class loader data:  loader data: 0x00007ff5866129e0 of 'bootstrap'
 - source file:       'LinkedHashMap.java'
 - class annotations:       Array<T>(0x0000000000000000)
 - class type annotations:  Array<T>(0x0000000000000000)
 - field annotations:       Array<T>(0x0000000000000000)
 - field type annotations:  Array<T>(0x0000000000000000)
 - generic signature: 'Ljava/util/AbstractSet<TK;>;'
 - inner classes:     Array<T>(0x000000011a613cd8)
 - nest members:     Array<T>(0x0000000800600450)
 - permitted subclasses:     Array<T>(0x0000000800600450)
 - java mirror:       a 'java/lang/Class'{0x0000000780463fc8} = 'java/util/LinkedHashMap$LinkedKeySet'
 - vtable length      24  (start addr: 0x000000080107c260)
 - itable length      47 (start addr: 0x000000080107c320)
 - ---- static fields (0 words):
 - ---- non-static fields (1 words):
 - final synthetic 'this$0' 'Ljava/util/LinkedHashMap;' @12 
 - non-static oop maps: 12-12 
stack at sp + 2 slots: 0x00007ff5895fe8a0 points into unknown readable memory: 0x00000001084d0778 | 78 07 4d 08 01 00 00 00
stack at sp + 3 slots: 0x0000000000000001 is an unknown value
stack at sp + 4 slots: 0x0000000000000001 is an unknown value
stack at sp + 5 slots: 0x0000000782849378 is an oop: java.util.LinkedHashMap$LinkedKeySet 
{0x0000000782849378} - klass: 'java/util/LinkedHashMap$LinkedKeySet'
 - ---- fields (total size 2 words):
 - final synthetic 'this$0' 'Ljava/util/LinkedHashMap;' @12  a 'java/util/LinkedHashMap'{0x0000000782840360} (f050806c)
stack at sp + 6 slots: 0x000170000780a6e0 is an unknown value
stack at sp + 7 slots: 0x00007ff5895fe8a0 points into unknown readable memory: 0x00000001084d0778 | 78 07 4d 08 01 00 00 00


---------------  P R O C E S S  ---------------

Threads class SMR info:
_java_thread_list=0x00007ff589625e20, length=13, elements={
0x00007ff586809000, 0x00007ff587017200, 0x00007ff58781ce00, 0x00007ff58781dc00,
0x00007ff58800c800, 0x00007ff586851400, 0x00007ff587017800, 0x00007ff588078a00,
0x00007ff588079000, 0x00007ff588016e00, 0x00007ff586850e00, 0x00007ff587019000,
0x00007ff587200c00
}

Java Threads: ( => current thread )
  0x00007ff586809000 JavaThread "main" [_thread_blocked, id=10243, stack(0x0000700006147000,0x0000700006247000)]
  0x00007ff587017200 JavaThread "Reference Handler" daemon [_thread_blocked, id=42499, stack(0x00007000069e5000,0x0000700006ae5000)]
  0x00007ff58781ce00 JavaThread "Finalizer" daemon [_thread_blocked, id=41987, stack(0x0000700006ae8000,0x0000700006be8000)]
  0x00007ff58781dc00 JavaThread "Signal Dispatcher" daemon [_thread_blocked, id=41475, stack(0x0000700006beb000,0x0000700006ceb000)]
  0x00007ff58800c800 JavaThread "Service Thread" daemon [_thread_blocked, id=22019, stack(0x0000700006cee000,0x0000700006dee000)]
  0x00007ff586851400 JavaThread "Monitor Deflation Thread" daemon [_thread_blocked, id=22275, stack(0x0000700006df1000,0x0000700006ef1000)]
  0x00007ff587017800 JavaThread "C1 CompilerThread0" daemon [_thread_blocked, id=40451, stack(0x0000700006ef4000,0x0000700006ff4000)]
  0x00007ff588078a00 JavaThread "Sweeper thread" daemon [_thread_blocked, id=22531, stack(0x0000700006ff7000,0x00007000070f7000)]
  0x00007ff588079000 JavaThread "Common-Cleaner" daemon [_thread_blocked, id=23043, stack(0x00007000070fa000,0x00007000071fa000)]
  0x00007ff588016e00 JavaThread "Monitor Ctrl-Break" daemon [_thread_in_native, id=23299, stack(0x00007000071fd000,0x00007000072fd000)]
  0x00007ff586850e00 JavaThread "Notification Thread" daemon [_thread_blocked, id=39683, stack(0x0000700007300000,0x0000700007400000)]
  0x00007ff587019000 JavaThread "Attach Listener" daemon [_thread_blocked, id=39171, stack(0x0000700007403000,0x0000700007503000)]
  0x00007ff587200c00 JavaThread "RMI TCP Accept-0" daemon [_thread_in_native, id=43287, stack(0x00007000068df000,0x00007000069df000)]

Other Threads:
  0x00007ff586613ba0 VMThread "VM Thread" [stack: 0x0000700006759000,0x0000700006859000] [id=14339]
  0x00007ff586655290 WatcherThread "VM Periodic Task Thread" [stack: 0x000070000780f000,0x000070000790f000] [id=24835]
  0x00007ff586416a40 WorkerThread "GC Thread#0" [stack: 0x000070000624a000,0x000070000634a000] [id=20227]
  0x00007ff586762870 WorkerThread "GC Thread#1" [stack: 0x0000700007506000,0x0000700007606000] [id=23811]
  0x00007ff5867630f0 WorkerThread "GC Thread#2" [stack: 0x0000700007609000,0x0000700007709000] [id=38659]
=>0x00007ff586764830 WorkerThread "GC Thread#3" [stack: 0x000070000770c000,0x000070000780c000] [id=24579]
  0x00007ff586417870 ConcurrentGCThread "G1 Main Marker" [stack: 0x000070000634d000,0x000070000644d000] [id=19971]
  0x00007ff5864185a0 WorkerThread "G1 Conc#0" [stack: 0x0000700006450000,0x0000700006550000] [id=19715]
  0x00007ff58652b440 ConcurrentGCThread "G1 Refine#0" [stack: 0x0000700006553000,0x0000700006653000] [id=19203]
  0x00007ff586419260 ConcurrentGCThread "G1 Service" [stack: 0x0000700006656000,0x0000700006756000] [id=18691]

Threads with active compile tasks:
C1 CompilerThread0    10570 3127       1       java.lang.invoke.MethodTypeForm::<init> (322 bytes)

VM state: at safepoint (normal execution)

VM Mutex/Monitor currently owned by a thread:  ([mutex/lock_event])
[0x00007ff58660fa10] Threads_lock - owner thread: 0x00007ff586613ba0
[0x00007ff58660fb30] Heap_lock - owner thread: 0x00007ff586809000

Heap address: 0x0000000780000000, size: 2048 MB, Compressed Oops mode: Zero based, Oop shift amount: 3

CDS archive(s) mapped at: [0x0000000800000000-0x0000000800c44000-0x0000000800c44000), size 12861440, SharedBaseAddress: 0x0000000800000000, ArchiveRelocationMode: 0.
Compressed class space mapped at: 0x0000000801000000-0x0000000841000000, reserved size: 1073741824
Narrow klass base: 0x0000000800000000, Narrow klass shift: 0, Narrow klass range: 0x100000000

GC Precious Log:
 CardTable entry size: 512
 Card Set container configuration: InlinePtr #cards 5 size 8 Array Of Cards #cards 12 size 40 Howl #buckets 4 coarsen threshold 1843 Howl Bitmap #cards 512 size 80 coarsen threshold 460 Card regions per heap region 1 cards per card region 2048
 CPUs: 4 total, 4 available
 Memory: 8192M
 Large Page Support: Disabled
 NUMA Support: Disabled
 Compressed Oops: Enabled (Zero based)
 Heap Region Size: 1M
 Heap Min Capacity: 8M
 Heap Initial Capacity: 128M
 Heap Max Capacity: 2G
 Pre-touch: Disabled
 Parallel Workers: 4
 Concurrent Workers: 1
 Concurrent Refinement Workers: 4
 Periodic GC: Disabled

Heap:
 garbage-first heap   total 55296K, used 40227K [0x0000000780000000, 0x0000000800000000)
  region size 1024K, 30 young (30720K), 4 survivors (4096K)
 Metaspace       used 24566K, committed 24832K, reserved 1114112K
  class space    used 3274K, committed 3392K, reserved 1048576K

Heap Regions: E=young(eden), S=young(survivor), O=old, HS=humongous(starts), HC=humongous(continues), CS=collection set, F=free, OA=open archive, CA=closed archive, TAMS=top-at-mark-start (previous, next)
|   0|0x0000000780000000, 0x0000000780100000, 0x0000000780100000|100%|HS|  |TAMS 0x0000000780100000, 0x0000000780000000| Complete 
|   1|0x0000000780100000, 0x0000000780200000, 0x0000000780200000|100%| O|  |TAMS 0x0000000780200000, 0x0000000780100000| Untracked 
|   2|0x0000000780200000, 0x0000000780300000, 0x0000000780300000|100%| O|  |TAMS 0x0000000780300000, 0x0000000780200000| Untracked 
|   3|0x0000000780300000, 0x0000000780400000, 0x0000000780400000|100%| O|  |TAMS 0x0000000780400000, 0x0000000780300000| Untracked 
|   4|0x0000000780400000, 0x0000000780500000, 0x0000000780500000|100%| O|  |TAMS 0x0000000780500000, 0x0000000780400000| Untracked 
|   5|0x0000000780500000, 0x0000000780600000, 0x0000000780600000|100%| O|  |TAMS 0x0000000780600000, 0x0000000780500000| Untracked 
|   6|0x0000000780600000, 0x00000007806b0800, 0x0000000780700000| 68%| O|  |TAMS 0x00000007806b0800, 0x0000000780600000| Complete 
|   7|0x0000000780700000, 0x0000000780800000, 0x0000000780800000|100%| O|  |TAMS 0x0000000780700000, 0x0000000780700000| Untracked 
|   8|0x0000000780800000, 0x0000000780900000, 0x0000000780900000|100%| O|  |TAMS 0x0000000780800000, 0x0000000780800000| Untracked 
|   9|0x0000000780900000, 0x0000000780a00000, 0x0000000780a00000|100%| O|  |TAMS 0x0000000780900000, 0x0000000780900000| Untracked 
|  10|0x0000000780a00000, 0x0000000780aaecd8, 0x0000000780b00000| 68%| O|  |TAMS 0x0000000780a00000, 0x0000000780a00000| Untracked 
|  11|0x0000000780b00000, 0x0000000780b00000, 0x0000000780c00000|  0%| F|  |TAMS 0x0000000780b00000, 0x0000000780b00000| Untracked 
|  12|0x0000000780c00000, 0x0000000780c00000, 0x0000000780d00000|  0%| F|  |TAMS 0x0000000780c00000, 0x0000000780c00000| Untracked 
|  13|0x0000000780d00000, 0x0000000780d00000, 0x0000000780e00000|  0%| F|  |TAMS 0x0000000780d00000, 0x0000000780d00000| Untracked 
|  14|0x0000000780e00000, 0x0000000780e00000, 0x0000000780f00000|  0%| F|  |TAMS 0x0000000780e00000, 0x0000000780e00000| Untracked 
|  15|0x0000000780f00000, 0x0000000780f00000, 0x0000000781000000|  0%| F|  |TAMS 0x0000000780f00000, 0x0000000780f00000| Untracked 
|  16|0x0000000781000000, 0x000000078107b220, 0x0000000781100000| 48%| S|  |TAMS 0x0000000781000000, 0x0000000781000000| Complete 
|  17|0x0000000781100000, 0x0000000781200000, 0x0000000781200000|100%| S|  |TAMS 0x0000000781100000, 0x0000000781100000| Complete 
|  18|0x0000000781200000, 0x0000000781300000, 0x0000000781300000|100%| S|  |TAMS 0x0000000781200000, 0x0000000781200000| Complete 
|  19|0x0000000781300000, 0x0000000781400000, 0x0000000781400000|100%| S|  |TAMS 0x0000000781300000, 0x0000000781300000| Complete 
|  20|0x0000000781400000, 0x0000000781500000, 0x0000000781500000|100%| E|CS|TAMS 0x0000000781400000, 0x0000000781400000| Complete 
|  21|0x0000000781500000, 0x0000000781600000, 0x0000000781600000|100%| E|CS|TAMS 0x0000000781500000, 0x0000000781500000| Complete 
|  22|0x0000000781600000, 0x0000000781700000, 0x0000000781700000|100%| E|CS|TAMS 0x0000000781600000, 0x0000000781600000| Complete 
|  23|0x0000000781700000, 0x0000000781800000, 0x0000000781800000|100%| E|CS|TAMS 0x0000000781700000, 0x0000000781700000| Complete 
|  24|0x0000000781800000, 0x0000000781900000, 0x0000000781900000|100%| E|CS|TAMS 0x0000000781800000, 0x0000000781800000| Complete 
|  25|0x0000000781900000, 0x0000000781a00000, 0x0000000781a00000|100%| E|CS|TAMS 0x0000000781900000, 0x0000000781900000| Complete 
|  26|0x0000000781a00000, 0x0000000781b00000, 0x0000000781b00000|100%| E|CS|TAMS 0x0000000781a00000, 0x0000000781a00000| Complete 
|  27|0x0000000781b00000, 0x0000000781c00000, 0x0000000781c00000|100%| E|CS|TAMS 0x0000000781b00000, 0x0000000781b00000| Complete 
|  28|0x0000000781c00000, 0x0000000781d00000, 0x0000000781d00000|100%| E|CS|TAMS 0x0000000781c00000, 0x0000000781c00000| Complete 
|  29|0x0000000781d00000, 0x0000000781e00000, 0x0000000781e00000|100%| E|CS|TAMS 0x0000000781d00000, 0x0000000781d00000| Complete 
|  30|0x0000000781e00000, 0x0000000781f00000, 0x0000000781f00000|100%| E|CS|TAMS 0x0000000781e00000, 0x0000000781e00000| Complete 
|  31|0x0000000781f00000, 0x0000000782000000, 0x0000000782000000|100%| E|CS|TAMS 0x0000000781f00000, 0x0000000781f00000| Complete 
|  32|0x0000000782000000, 0x0000000782100000, 0x0000000782100000|100%| E|CS|TAMS 0x0000000782000000, 0x0000000782000000| Complete 
|  33|0x0000000782100000, 0x0000000782200000, 0x0000000782200000|100%| E|CS|TAMS 0x0000000782100000, 0x0000000782100000| Complete 
|  34|0x0000000782200000, 0x0000000782300000, 0x0000000782300000|100%| E|CS|TAMS 0x0000000782200000, 0x0000000782200000| Complete 
|  35|0x0000000782300000, 0x0000000782400000, 0x0000000782400000|100%| E|CS|TAMS 0x0000000782300000, 0x0000000782300000| Complete 
|  36|0x0000000782400000, 0x0000000782500000, 0x0000000782500000|100%| E|CS|TAMS 0x0000000782400000, 0x0000000782400000| Complete 
|  37|0x0000000782500000, 0x0000000782600000, 0x0000000782600000|100%| E|CS|TAMS 0x0000000782500000, 0x0000000782500000| Complete 
|  38|0x0000000782600000, 0x0000000782700000, 0x0000000782700000|100%| E|CS|TAMS 0x0000000782600000, 0x0000000782600000| Complete 
|  39|0x0000000782700000, 0x0000000782800000, 0x0000000782800000|100%| E|CS|TAMS 0x0000000782700000, 0x0000000782700000| Complete 
|  40|0x0000000782800000, 0x0000000782900000, 0x0000000782900000|100%| E|CS|TAMS 0x0000000782800000, 0x0000000782800000| Complete 
|  41|0x0000000782900000, 0x0000000782a00000, 0x0000000782a00000|100%| E|CS|TAMS 0x0000000782900000, 0x0000000782900000| Complete 
|  42|0x0000000782a00000, 0x0000000782b00000, 0x0000000782b00000|100%| E|CS|TAMS 0x0000000782a00000, 0x0000000782a00000| Complete 
|  43|0x0000000782b00000, 0x0000000782c00000, 0x0000000782c00000|100%| E|CS|TAMS 0x0000000782b00000, 0x0000000782b00000| Complete 
|  44|0x0000000782c00000, 0x0000000782d00000, 0x0000000782d00000|100%| E|CS|TAMS 0x0000000782c00000, 0x0000000782c00000| Complete 
| 102|0x0000000786600000, 0x00000007866a45b0, 0x0000000786700000| 64%| E|CS|TAMS 0x0000000786600000, 0x0000000786600000| Complete 
| 103|0x0000000786700000, 0x0000000786800000, 0x0000000786800000|100%| E|CS|TAMS 0x0000000786700000, 0x0000000786700000| Complete 
| 104|0x0000000786800000, 0x0000000786900000, 0x0000000786900000|100%| E|CS|TAMS 0x0000000786800000, 0x0000000786800000| Complete 
| 105|0x0000000786900000, 0x0000000786a00000, 0x0000000786a00000|100%| E|CS|TAMS 0x0000000786900000, 0x0000000786900000| Complete 
| 106|0x0000000786a00000, 0x0000000786b00000, 0x0000000786b00000|100%| E|CS|TAMS 0x0000000786a00000, 0x0000000786a00000| Complete 
| 107|0x0000000786b00000, 0x0000000786c00000, 0x0000000786c00000|100%| E|CS|TAMS 0x0000000786b00000, 0x0000000786b00000| Complete 
| 127|0x0000000787f00000, 0x0000000788000000, 0x0000000788000000|100%| E|CS|TAMS 0x0000000787f00000, 0x0000000787f00000| Complete 
|2046|0x00000007ffe00000, 0x00000007ffe77000, 0x00000007fff00000| 46%|OA|  |TAMS 0x00000007ffe77000, 0x00000007ffe00000| Untracked 
|2047|0x00000007fff00000, 0x00000007fff7d000, 0x0000000800000000| 48%|CA|  |TAMS 0x00000007fff00000, 0x00000007fff00000| Untracked 

Card table byte_map: [0x00000001107ec000,0x0000000110bec000] _byte_map_base: 0x000000010cbec000

Marking Bits (Prev, Next): (CMBitMap*) 0x00007ff58682ae50, (CMBitMap*) 0x00007ff58682ae10
 Prev Bits: [0x00000001161d8000, 0x00000001181d8000)
 Next Bits: [0x00000001141d8000, 0x00000001161d8000)

Polling page: 0x000000010529b000

Metaspace:

Usage:
  Non-class:     20.79 MB used.
      Class:      3.20 MB used.
       Both:     23.99 MB used.

Virtual space:
  Non-class space:       64.00 MB reserved,      20.94 MB ( 33%) committed,  1 nodes.
      Class space:        1.00 GB reserved,       3.31 MB ( <1%) committed,  1 nodes.
             Both:        1.06 GB reserved,      24.25 MB (  2%) committed. 

Chunk freelists:
   Non-Class:  2.20 MB
       Class:  709.00 KB
        Both:  2.89 MB

MaxMetaspaceSize: unlimited
CompressedClassSpaceSize: 1.00 GB
Initial GC threshold: 21.00 MB
Current GC threshold: 35.25 MB
CDS: on
MetaspaceReclaimPolicy: balanced
 - commit_granule_bytes: 65536.
 - commit_granule_words: 8192.
 - virtual_space_node_default_size: 8388608.
 - enlarge_chunks_in_place: 1.
 - new_chunks_are_fully_committed: 0.
 - uncommit_free_chunks: 1.
 - use_allocation_guard: 0.


Internal statistics:

num_allocs_failed_limit: 3.
num_arena_births: 360.
num_arena_deaths: 0.
num_vsnodes_births: 2.
num_vsnodes_deaths: 0.
num_space_committed: 388.
num_space_uncommitted: 0.
num_chunks_returned_to_freelist: 3.
num_chunks_taken_from_freelist: 1057.
num_chunk_merges: 3.
num_chunk_splits: 796.
num_chunks_enlarged: 657.
num_inconsistent_stats: 0.

CodeCache: size=49152Kb used=6092Kb max_used=6092Kb free=43059Kb
 bounds [0x00000001111d8000, 0x00000001117d8000, 0x00000001141d8000]
 total_blobs=3631 nmethods=3127 adapters=429
 compilation: enabled
              stopped_count=0, restarted_count=0
 full_count=0

Compilation events (20 events):
Event: 10.503 Thread 0x00007ff587017800 nmethod 3100 0x00000001117c4590 code [0x00000001117c4860, 0x00000001117c5060]
Event: 10.503 Thread 0x00007ff587017800 3102       1       java.lang.invoke.MethodHandleNatives::refKindIsGetter (32 bytes)
Event: 10.503 Thread 0x00007ff587017800 nmethod 3102 0x00000001117c5510 code [0x00000001117c56a0, 0x00000001117c5750]
Event: 10.504 Thread 0x00007ff587017800 3107       1       java.lang.invoke.ClassSpecializer$SpeciesData::getterFunctions (5 bytes)
Event: 10.504 Thread 0x00007ff587017800 nmethod 3107 0x00000001117c5b10 code [0x00000001117c5ca0, 0x00000001117c5d70]
Event: 10.504 Thread 0x00007ff587017800 3108       1       java.lang.invoke.ClassSpecializer$SpeciesData::getterFunction (78 bytes)
Event: 10.504 Thread 0x00007ff587017800 nmethod 3108 0x00000001117c5e10 code [0x00000001117c5fc0, 0x00000001117c60e0]
Event: 10.505 Thread 0x00007ff587017800 3110       1       java.lang.invoke.LambdaForm$Name::internArguments (62 bytes)
Event: 10.506 Thread 0x00007ff587017800 nmethod 3110 0x00000001117c6790 code [0x00000001117c6940, 0x00000001117c6be0]
Event: 10.506 Thread 0x00007ff587017800 3113       1       java.lang.invoke.LambdaFormBuffer::indexOf (33 bytes)
Event: 10.507 Thread 0x00007ff587017800 nmethod 3113 0x00000001117c7310 code [0x00000001117c74c0, 0x00000001117c7630]
Event: 10.507 Thread 0x00007ff587017800 3115       1       java.lang.invoke.InvokerBytecodeGenerator::assertStaticType (58 bytes)
Event: 10.507 Thread 0x00007ff587017800 nmethod 3115 0x00000001117c7a10 code [0x00000001117c7be0, 0x00000001117c7ed0]
Event: 10.511 Thread 0x00007ff587017800 3120       1       java.lang.invoke.MethodType::methodType (21 bytes)
Event: 10.512 Thread 0x00007ff587017800 nmethod 3120 0x00000001117c9010 code [0x00000001117c91c0, 0x00000001117c92f0]
Event: 10.513 Thread 0x00007ff587017800 3124       1       jdk.internal.org.objectweb.asm.AnnotationVisitor::<init> (78 bytes)
Event: 10.514 Thread 0x00007ff587017800 nmethod 3124 0x00000001117c9990 code [0x00000001117c9b80, 0x00000001117c9ee0]
Event: 10.514 Thread 0x00007ff587017800 3125       1       jdk.internal.org.objectweb.asm.AnnotationWriter::visitEnd (44 bytes)
Event: 10.514 Thread 0x00007ff587017800 nmethod 3125 0x00000001117ca690 code [0x00000001117ca820, 0x00000001117ca950]
Event: 10.515 Thread 0x00007ff587017800 3127       1       java.lang.invoke.MethodTypeForm::<init> (322 bytes)

GC Heap History (9 events):
Event: 7.274 GC heap before
{Heap before GC invocations=0 (full 0):
 garbage-first heap   total 133120K, used 15312K [0x0000000780000000, 0x0000000800000000)
  region size 1024K, 13 young (13312K), 0 survivors (0K)
 Metaspace       used 5333K, committed 5568K, reserved 1114112K
  class space    used 607K, committed 704K, reserved 1048576K
}
Event: 7.282 GC heap after
{Heap after GC invocations=1 (full 0):
 garbage-first heap   total 133120K, used 7796K [0x0000000780000000, 0x0000000800000000)
  region size 1024K, 2 young (2048K), 2 survivors (2048K)
 Metaspace       used 5333K, committed 5568K, reserved 1114112K
  class space    used 607K, committed 704K, reserved 1048576K
}
Event: 7.917 GC heap before
{Heap before GC invocations=1 (full 0):
 garbage-first heap   total 133120K, used 21108K [0x0000000780000000, 0x0000000800000000)
  region size 1024K, 15 young (15360K), 2 survivors (2048K)
 Metaspace       used 9334K, committed 9536K, reserved 1114112K
  class space    used 1134K, committed 1216K, reserved 1048576K
}
Event: 7.924 GC heap after
{Heap after GC invocations=2 (full 0):
 garbage-first heap   total 133120K, used 9005K [0x0000000780000000, 0x0000000800000000)
  region size 1024K, 2 young (2048K), 2 survivors (2048K)
 Metaspace       used 9334K, committed 9536K, reserved 1114112K
  class space    used 1134K, committed 1216K, reserved 1048576K
}
Event: 9.020 GC heap before
{Heap before GC invocations=2 (full 0):
 garbage-first heap   total 133120K, used 46893K [0x0000000780000000, 0x0000000800000000)
  region size 1024K, 40 young (40960K), 2 survivors (2048K)
 Metaspace       used 17805K, committed 18112K, reserved 1114112K
  class space    used 2318K, committed 2432K, reserved 1048576K
}
Event: 9.035 GC heap after
{Heap after GC invocations=3 (full 0):
 garbage-first heap   total 133120K, used 11977K [0x0000000780000000, 0x0000000800000000)
  region size 1024K, 5 young (5120K), 5 survivors (5120K)
 Metaspace       used 17805K, committed 18112K, reserved 1114112K
  class space    used 2318K, committed 2432K, reserved 1048576K
}
Event: 9.408 GC heap before
{Heap before GC invocations=3 (full 0):
 garbage-first heap   total 133120K, used 30409K [0x0000000780000000, 0x0000000800000000)
  region size 1024K, 25 young (25600K), 5 survivors (5120K)
 Metaspace       used 21254K, committed 21504K, reserved 1114112K
  class space    used 2760K, committed 2880K, reserved 1048576K
}
Event: 9.416 GC heap after
{Heap after GC invocations=4 (full 0):
 garbage-first heap   total 133120K, used 13603K [0x0000000780000000, 0x0000000800000000)
  region size 1024K, 6 young (6144K), 6 survivors (6144K)
 Metaspace       used 21254K, committed 21504K, reserved 1114112K
  class space    used 2760K, committed 2880K, reserved 1048576K
}
Event: 10.515 GC heap before
{Heap before GC invocations=5 (full 0):
 garbage-first heap   total 55296K, used 40227K [0x0000000780000000, 0x0000000800000000)
  region size 1024K, 32 young (32768K), 6 survivors (6144K)
 Metaspace       used 24566K, committed 24832K, reserved 1114112K
  class space    used 3274K, committed 3392K, reserved 1048576K
}

Dll operation events (11 events):
Event: 0.020 Loaded shared library /Users/deca/Library/Java/JavaVirtualMachines/openjdk-19.0.2/Contents/Home/lib/libjava.dylib
Event: 0.230 Loaded shared library /Users/deca/Library/Java/JavaVirtualMachines/openjdk-19.0.2/Contents/Home/lib/libzip.dylib
Event: 0.238 Loaded shared library /Users/deca/Library/Java/JavaVirtualMachines/openjdk-19.0.2/Contents/Home/lib/libinstrument.dylib
Event: 0.246 Loaded shared library /Users/deca/Library/Java/JavaVirtualMachines/openjdk-19.0.2/Contents/Home/lib/libnio.dylib
Event: 0.256 Loaded shared library /Users/deca/Library/Java/JavaVirtualMachines/openjdk-19.0.2/Contents/Home/lib/libzip.dylib
Event: 0.649 Loaded shared library /Users/deca/Library/Java/JavaVirtualMachines/openjdk-19.0.2/Contents/Home/lib/libnet.dylib
Event: 0.663 Loaded shared library /Users/deca/Library/Java/JavaVirtualMachines/openjdk-19.0.2/Contents/Home/lib/libextnet.dylib
Event: 0.737 Loaded shared library /Users/deca/Library/Java/JavaVirtualMachines/openjdk-19.0.2/Contents/Home/lib/libjimage.dylib
Event: 0.774 Loaded shared library /Users/deca/Library/Java/JavaVirtualMachines/openjdk-19.0.2/Contents/Home/lib/libmanagement.dylib
Event: 1.045 Loaded shared library /Users/deca/Library/Java/JavaVirtualMachines/openjdk-19.0.2/Contents/Home/lib/libmanagement_ext.dylib
Event: 8.399 Loaded shared library /Users/deca/Library/Java/JavaVirtualMachines/openjdk-19.0.2/Contents/Home/lib/libverify.dylib

Deoptimization events (6 events):
Event: 1.799 Thread 0x00007ff586809000 DEOPT PACKING pc=0x00000001113f74d5 sp=0x0000700006244cf0
Event: 1.799 Thread 0x00007ff586809000 DEOPT UNPACKING pc=0x000000011123ea2f sp=0x00007000062441c0 mode 3
Event: 1.922 Thread 0x00007ff586809000 DEOPT PACKING pc=0x000000011140ecd0 sp=0x0000700006244cc0
Event: 1.922 Thread 0x00007ff586809000 DEOPT UNPACKING pc=0x000000011123ea2f sp=0x0000700006244198 mode 3
Event: 8.581 Thread 0x00007ff586809000 DEOPT PACKING pc=0x000000011159e191 sp=0x0000700006244b50
Event: 8.581 Thread 0x00007ff586809000 DEOPT UNPACKING pc=0x000000011123ea2f sp=0x0000700006244050 mode 3

Classes loaded (20 events):
Event: 10.211 Loading class java/util/stream/Streams$2
Event: 10.211 Loading class java/util/stream/Streams$2 done
Event: 10.239 Loading class java/util/stream/ReferencePipeline$15
Event: 10.239 Loading class java/util/stream/ReferencePipeline$15 done
Event: 10.239 Loading class java/util/stream/ReferencePipeline$15$1
Event: 10.239 Loading class java/util/stream/ReferencePipeline$15$1 done
Event: 10.496 Loading class java/util/concurrent/ExecutionException
Event: 10.496 Loading class java/util/concurrent/ExecutionException done
Event: 10.496 Loading class java/lang/runtime/ObjectMethods
Event: 10.496 Loading class java/lang/runtime/ObjectMethods done
Event: 10.498 Loading class java/lang/invoke/MethodHandleImpl$Makers
Event: 10.498 Loading class java/lang/invoke/MethodHandleImpl$Makers done
Event: 10.498 Loading class java/lang/invoke/MethodHandleImpl$Makers$1
Event: 10.498 Loading class java/lang/invoke/MethodHandleImpl$Makers$1 done
Event: 10.498 Loading class java/lang/invoke/MethodHandleImpl$Makers$2
Event: 10.498 Loading class java/lang/invoke/MethodHandleImpl$Makers$2 done
Event: 10.498 Loading class java/lang/invoke/MethodHandleImpl$Makers$3
Event: 10.498 Loading class java/lang/invoke/MethodHandleImpl$Makers$3 done
Event: 10.512 Loading class java/lang/runtime/ObjectMethods$1
Event: 10.512 Loading class java/lang/runtime/ObjectMethods$1 done

Classes unloaded (0 events):
No events

Classes redefined (0 events):
No events

Internal exceptions (20 events):
Event: 8.276 Thread 0x00007ff586809000 Exception <a 'java/lang/IncompatibleClassChangeError'{0x000000078781c448}: Found class java.lang.Object, but interface was expected> (0x000000078781c448) 
thrown [open/src/hotspot/share/interpreter/linkResolver.cpp, line 841]
Event: 8.479 Thread 0x00007ff586809000 Exception <a 'java/lang/NoSuchMethodError'{0x0000000786eb44a0}: 'int java.lang.invoke.Invokers$Holder.invokeExact_MT(java.lang.Object, java.lang.Object)'> (0x0000000786eb44a0) 
thrown [open/src/hotspot/share/interpreter/linkResolver.cpp, line 774]
Event: 8.762 Thread 0x00007ff586809000 Exception <a 'java/lang/NoSuchMethodError'{0x00000007864b0770}: 'int java.lang.invoke.DirectMethodHandle$Holder.invokeSpecial(java.lang.Object, java.lang.Object, java.lang.Object, java.lang.Object, java.lang.Object)'> (0x00000007864b0770) 
thrown [open/src/hotspot/share/interpreter/linkResolver.cpp, line 774]
Event: 8.766 Thread 0x00007ff586809000 Exception <a 'java/lang/NoSuchMethodError'{0x00000007864b8f28}: 'void java.lang.invoke.DirectMethodHandle$Holder.invokeVirtual(java.lang.Object, java.lang.Object)'> (0x00000007864b8f28) 
thrown [open/src/hotspot/share/interpreter/linkResolver.cpp, line 774]
Event: 9.175 Thread 0x00007ff586809000 Exception <a 'java/lang/IncompatibleClassChangeError'{0x0000000787812a68}: Found class java.lang.Object, but interface was expected> (0x0000000787812a68) 
thrown [open/src/hotspot/share/interpreter/linkResolver.cpp, line 841]
Event: 9.224 Thread 0x00007ff586809000 Exception <a 'java/lang/NoSuchMethodError'{0x00000007877afb38}: 'void java.lang.invoke.DirectMethodHandle$Holder.invokeInterface(java.lang.Object, java.lang.Object, java.lang.Object, java.lang.Object)'> (0x00000007877afb38) 
thrown [open/src/hotspot/share/interpreter/linkResolver.cpp, line 774]
Event: 9.345 Thread 0x00007ff587901600 Exception <a 'java/lang/NoSuchMethodError'{0x0000000786e2fd50}: 'long java.lang.invoke.DirectMethodHandle$Holder.invokeStatic(java.lang.Object, java.lang.Object)'> (0x0000000786e2fd50) 
thrown [open/src/hotspot/share/interpreter/linkResolver.cpp, line 774]
Event: 9.346 Thread 0x00007ff587901600 Exception <a 'java/lang/NoSuchMethodError'{0x0000000786e33358}: 'long java.lang.invoke.DirectMethodHandle$Holder.invokeStaticInit(java.lang.Object, java.lang.Object)'> (0x0000000786e33358) 
thrown [open/src/hotspot/share/interpreter/linkResolver.cpp, line 774]
Event: 9.348 Thread 0x00007ff587901600 Exception <a 'java/lang/NoSuchMethodError'{0x0000000786ec13a0}: 'long java.lang.invoke.DirectMethodHandle$Holder.invokeInterface(java.lang.Object, java.lang.Object)'> (0x0000000786ec13a0) 
thrown [open/src/hotspot/share/interpreter/linkResolver.cpp, line 774]
Event: 9.348 Thread 0x00007ff587901600 Exception <a 'java/lang/IncompatibleClassChangeError'{0x0000000786ec4938}: Found class java.lang.Object, but interface was expected> (0x0000000786ec4938) 
thrown [open/src/hotspot/share/interpreter/linkResolver.cpp, line 841]
Event: 9.363 Thread 0x00007ff587901600 Exception <a 'java/lang/NoSuchMethodError'{0x0000000786d2e158}: 'java.lang.Object java.lang.invoke.DirectMethodHandle$Holder.invokeVirtual(java.lang.Object, java.lang.Object, java.lang.Object, java.lang.Object)'> (0x0000000786d2e158) 
thrown [open/src/hotspot/share/interpreter/linkResolver.cpp, line 774]
Event: 10.497 Thread 0x00007ff586809000 Exception <a 'java/lang/NoSuchMethodError'{0x000000078147fcb8}: 'java.lang.Object java.lang.invoke.DirectMethodHandle$Holder.invokeStaticInit(java.lang.Object, java.lang.Object, java.lang.Object, java.lang.Object, java.lang.Object, java.lang.Object, java.lang.Object)'> (0x000000078147fcb8) 
thrown [open/src/hotspot/share/interpreter/linkResolver.cpp, line 774]
Event: 10.499 Thread 0x00007ff586809000 Exception <a 'java/lang/NoSuchMethodError'{0x000000078148a868}: 'java.lang.Object java.lang.invoke.DirectMethodHandle$Holder.invokeStatic(java.lang.Object, java.lang.Object, int)'> (0x000000078148a868) 
thrown [open/src/hotspot/share/interpreter/linkResolver.cpp, line 774]
Event: 10.503 Thread 0x00007ff586809000 Exception <a 'java/lang/NoSuchMethodError'{0x000000078149c650}: 'void java.lang.invoke.DelegatingMethodHandle$Holder.delegate(java.lang.Object, java.lang.Object, int, java.lang.Object)'> (0x000000078149c650) 
thrown [open/src/hotspot/share/interpreter/linkResolver.cpp, line 774]
Event: 10.507 Thread 0x00007ff586809000 Exception <a 'java/lang/NoSuchMethodError'{0x00000007814ccbd0}: 'java.lang.Object java.lang.invoke.Invokers$Holder.invoker(java.lang.Object, java.lang.Object, java.lang.Object, java.lang.Object, java.lang.Object, java.lang.Object, java.lang.Object, java.lang.Object, java.lang.Object, java.lang.Object, java.lang.Object, java.lang.Object, java.lang.Object, java.lang.Object)'> (0x00000007814ccbd0) 
thrown [open/src/hotspot/share/interpreter/linkResolver.cpp, line 774]
Event: 10.510 Thread 0x00007ff586809000 Exception <a 'java/lang/NoSuchMethodError'{0x00000007814d7548}: 'java.lang.Object java.lang.invoke.DelegatingMethodHandle$Holder.delegate(java.lang.Object, java.lang.Object, java.lang.Object, java.lang.Object, java.lang.Object, java.lang.Object, java.lang.Object, java.lang.Object, java.lang.Object, java.lang.Object, java.lang.Object, java.lang.Object, java.lang.Object, java.lang.Object)'> (0x00000007814d7548) 
thrown [open/src/hotspot/share/interpreter/linkResolver.cpp, line 774]
Event: 10.512 Thread 0x00007ff586809000 Exception <a 'java/lang/NoSuchMethodError'{0x00000007814e8780}: 'int java.lang.invoke.DirectMethodHandle$Holder.invokeVirtual(java.lang.Object, java.lang.Object, java.lang.Object)'> (0x00000007814e8780) 
thrown [open/src/hotspot/share/interpreter/linkResolver.cpp, line 774]
Event: 10.513 Thread 0x00007ff586809000 Exception <a 'java/lang/NoSuchMethodError'{0x00000007814ecc20}: 'int java.lang.invoke.DirectMethodHandle$Holder.invokeStaticInit(java.lang.Object, int, int)'> (0x00000007814ecc20) 
thrown [open/src/hotspot/share/interpreter/linkResolver.cpp, line 774]
Event: 10.514 Thread 0x00007ff586809000 Exception <a 'java/lang/NoSuchMethodError'{0x00000007814f4438}: 'int java.lang.invoke.DirectMethodHandle$Holder.invokeStaticInit(java.lang.Object, long, long)'> (0x00000007814f4438) 
thrown [open/src/hotspot/share/interpreter/linkResolver.cpp, line 774]
Event: 10.514 Thread 0x00007ff586809000 Exception <a 'java/lang/NoSuchMethodError'{0x00000007814fb2a0}: 'int java.lang.invoke.DirectMethodHandle$Holder.invokeStaticInit(java.lang.Object, float, float)'> (0x00000007814fb2a0) 
thrown [open/src/hotspot/share/interpreter/linkResolver.cpp, line 774]

VM Operations (20 events):
Event: 9.051 Executing VM operation: G1CollectForAllocation done
Event: 9.408 Executing VM operation: CollectForMetadataAllocation
Event: 9.416 Executing VM operation: CollectForMetadataAllocation done
Event: 9.429 Executing VM operation: G1PauseRemark
Event: 9.437 Executing VM operation: G1PauseRemark done
Event: 9.442 Executing VM operation: G1PauseCleanup
Event: 9.442 Executing VM operation: G1PauseCleanup done
Event: 10.137 Executing VM operation: HandshakeAllThreads
Event: 10.137 Executing VM operation: HandshakeAllThreads done
Event: 10.137 Executing VM operation: HandshakeAllThreads
Event: 10.137 Executing VM operation: HandshakeAllThreads done
Event: 10.148 Executing VM operation: HandshakeAllThreads
Event: 10.148 Executing VM operation: HandshakeAllThreads done
Event: 10.150 Executing VM operation: HandshakeAllThreads
Event: 10.150 Executing VM operation: HandshakeAllThreads done
Event: 10.175 Executing VM operation: ICBufferFull
Event: 10.176 Executing VM operation: ICBufferFull done
Event: 10.244 Executing VM operation: HandshakeAllThreads
Event: 10.244 Executing VM operation: HandshakeAllThreads done
Event: 10.515 Executing VM operation: G1CollectForAllocation

Events (20 events):
Event: 0.074 Thread 0x00007ff588078a00 Thread added: 0x00007ff588078a00
Event: 0.074 Protecting memory [0x0000700006ff7000,0x0000700006ffb000] with protection modes 0
Event: 0.142 Thread 0x00007ff588079000 Thread added: 0x00007ff588079000
Event: 0.142 Protecting memory [0x00007000070fa000,0x00007000070fe000] with protection modes 0
Event: 0.646 Thread 0x00007ff588016e00 Thread added: 0x00007ff588016e00
Event: 0.646 Protecting memory [0x00007000071fd000,0x0000700007201000] with protection modes 0
Event: 0.652 Thread 0x00007ff586850e00 Thread added: 0x00007ff586850e00
Event: 0.652 Protecting memory [0x0000700007300000,0x0000700007304000] with protection modes 0
Event: 1.303 Thread 0x00007ff587019000 Thread added: 0x00007ff587019000
Event: 1.303 Protecting memory [0x0000700007403000,0x0000700007407000] with protection modes 0
Event: 7.257 Thread 0x00007ff587200c00 Thread added: 0x00007ff587200c00
Event: 7.257 Protecting memory [0x00007000068df000,0x00007000068e3000] with protection modes 0
Event: 8.271 Thread 0x00007ff587901600 Thread added: 0x00007ff587901600
Event: 8.271 Protecting memory [0x0000700007912000,0x0000700007916000] with protection modes 0
Event: 9.082 Thread 0x00007ff587241000 Thread added: 0x00007ff587241000
Event: 9.082 Protecting memory [0x0000700007a15000,0x0000700007a19000] with protection modes 0
Event: 9.117 Protecting memory [0x0000700007a15000,0x0000700007a19000] with protection modes 3
Event: 9.117 Thread 0x00007ff587241000 Thread exited: 0x00007ff587241000
Event: 9.366 Protecting memory [0x0000700007912000,0x0000700007916000] with protection modes 3
Event: 9.366 Thread 0x00007ff587901600 Thread exited: 0x00007ff587901600


Dynamic libraries:
0x00007fff2a4f4000 	/usr/lib/libz.1.dylib
0x0000000105260000 	/Users/deca/Library/Java/JavaVirtualMachines/openjdk-19.0.2/Contents/Home/lib/libjli.dylib
0x00007fff35046000 	/System/Library/Frameworks/Cocoa.framework/Versions/A/Cocoa
0x00007fff2226b000 	/System/Library/Frameworks/Security.framework/Versions/A/Security
0x00007fff33243000 	/System/Library/Frameworks/ApplicationServices.framework/Versions/A/ApplicationServices
0x00007fff2a5bc000 	/usr/lib/libSystem.B.dylib
0x00007fff2a5b6000 	/usr/lib/system/libcache.dylib
0x00007fff2a572000 	/usr/lib/system/libcommonCrypto.dylib
0x00007fff2a59c000 	/usr/lib/system/libcompiler_rt.dylib
0x00007fff2a591000 	/usr/lib/system/libcopyfile.dylib
0x00007fff2013f000 	/usr/lib/system/libcorecrypto.dylib
0x00007fff2020c000 	/usr/lib/system/libdispatch.dylib
0x00007fff203c0000 	/usr/lib/system/libdyld.dylib
0x00007fff2a5ad000 	/usr/lib/system/libkeymgr.dylib
0x00007fff2d9f5000 	/usr/lib/system/liblaunch.dylib
0x00007fff2a550000 	/usr/lib/system/libmacho.dylib
0x00007fff29d6a000 	/usr/lib/system/libquarantine.dylib
0x00007fff2a5aa000 	/usr/lib/system/libremovefile.dylib
0x00007fff24c02000 	/usr/lib/system/libsystem_asl.dylib
0x00007fff200ef000 	/usr/lib/system/libsystem_blocks.dylib
0x00007fff2028d000 	/usr/lib/system/libsystem_c.dylib
0x00007fff2a5a4000 	/usr/lib/system/libsystem_collections.dylib
0x00007fff2905e000 	/usr/lib/system/libsystem_configuration.dylib
0x00007fff28351000 	/usr/lib/system/libsystem_containermanager.dylib
0x00007fff2a2ec000 	/usr/lib/system/libsystem_coreservices.dylib
0x00007fff2281f000 	/usr/lib/system/libsystem_darwin.dylib
0x00007fff2a5ae000 	/usr/lib/system/libsystem_dnssd.dylib
0x00007fff2028a000 	/usr/lib/system/libsystem_featureflags.dylib
0x00007fff20405000 	/usr/lib/system/libsystem_info.dylib
0x00007fff2a507000 	/usr/lib/system/libsystem_m.dylib
0x00007fff201df000 	/usr/lib/system/libsystem_malloc.dylib
0x00007fff24b96000 	/usr/lib/system/libsystem_networkextension.dylib
0x00007fff22c3a000 	/usr/lib/system/libsystem_notify.dylib
0x00007fff2fea9000 	/usr/lib/system/libsystem_product_info_filter.dylib
0x00007fff29062000 	/usr/lib/system/libsystem_sandbox.dylib
0x00007fff2a5a7000 	/usr/lib/system/libsystem_secinit.dylib
0x00007fff20385000 	/usr/lib/system/libsystem_kernel.dylib
0x00007fff203fb000 	/usr/lib/system/libsystem_platform.dylib
0x00007fff203b4000 	/usr/lib/system/libsystem_pthread.dylib
0x00007fff26301000 	/usr/lib/system/libsystem_symptoms.dylib
0x00007fff20127000 	/usr/lib/system/libsystem_trace.dylib
0x00007fff2a57e000 	/usr/lib/system/libunwind.dylib
0x00007fff200f1000 	/usr/lib/system/libxpc.dylib
0x00007fff2036c000 	/usr/lib/libc++abi.dylib
0x00007fff20251000 	/usr/lib/libobjc.A.dylib
0x00007fff2a589000 	/usr/lib/liboah.dylib
0x00007fff20316000 	/usr/lib/libc++.1.dylib
0x00007fff20431000 	/System/Library/Frameworks/CoreFoundation.framework/Versions/A/CoreFoundation
0x00007fff211de000 	/System/Library/Frameworks/Foundation.framework/Versions/C/Foundation
0x00007fff22c92000 	/System/Library/Frameworks/AppKit.framework/Versions/C/AppKit
0x00007fff25b2a000 	/System/Library/Frameworks/CoreData.framework/Versions/A/CoreData
0x00007fff239f5000 	/System/Library/PrivateFrameworks/UIFoundation.framework/Versions/A/UIFoundation
0x00007fff2fc22000 	/System/Library/PrivateFrameworks/RemoteViewServices.framework/Versions/A/RemoteViewServices
0x00007fff28a1b000 	/System/Library/PrivateFrameworks/XCTTargetBootstrap.framework/Versions/A/XCTTargetBootstrap
0x00007fff2b6fc000 	/usr/lib/libspindump.dylib
0x00007fff23c4a000 	/System/Library/Frameworks/UniformTypeIdentifiers.framework/Versions/A/UniformTypeIdentifiers
0x00007fff271f1000 	/usr/lib/libapp_launch_measurement.dylib
0x00007fff271f4000 	/System/Library/PrivateFrameworks/CoreAutoLayout.framework/Versions/A/CoreAutoLayout
0x00007fff2837d000 	/System/Library/Frameworks/Metal.framework/Versions/A/Metal
0x00007fff2906d000 	/usr/lib/liblangid.dylib
0x00007fff28a1f000 	/System/Library/PrivateFrameworks/CoreSVG.framework/Versions/A/CoreSVG
0x00007fff24c31000 	/System/Library/PrivateFrameworks/SkyLight.framework/Versions/A/SkyLight
0x00007fff24f98000 	/System/Library/Frameworks/CoreGraphics.framework/Versions/A/CoreGraphics
0x00007fff30279000 	/System/Library/Frameworks/Accelerate.framework/Versions/A/Accelerate
0x00007fff2b137000 	/System/Library/PrivateFrameworks/IconServices.framework/Versions/A/IconServices
0x00007fff28362000 	/System/Library/Frameworks/IOSurface.framework/Versions/A/IOSurface
0x00007fff264b3000 	/usr/lib/libDiagnosticMessagesClient.dylib
0x00007fff28a07000 	/System/Library/PrivateFrameworks/DFRFoundation.framework/Versions/A/DFRFoundation
0x00007fff225bd000 	/usr/lib/libicucore.A.dylib
0x00007fff2cc43000 	/System/Library/Frameworks/AudioToolbox.framework/Versions/A/AudioToolbox
0x00007fff2bee8000 	/System/Library/PrivateFrameworks/DataDetectorsCore.framework/Versions/A/DataDetectorsCore
0x00007fff28707000 	/System/Library/Frameworks/Carbon.framework/Versions/A/Frameworks/HIToolbox.framework/Versions/A/HIToolbox
0x00007fff26c4c000 	/System/Library/Frameworks/QuartzCore.framework/Versions/A/QuartzCore
0x00007fff2fc5e000 	/System/Library/Frameworks/Carbon.framework/Versions/A/Frameworks/SpeechRecognition.framework/Versions/A/SpeechRecognition
0x00007fff26f59000 	/System/Library/PrivateFrameworks/CoreUI.framework/Versions/A/CoreUI
0x00007fff21bc6000 	/System/Library/Frameworks/CoreAudio.framework/Versions/A/CoreAudio
0x00007fff2659e000 	/System/Library/Frameworks/DiskArbitration.framework/Versions/A/DiskArbitration
0x00007fff2baf7000 	/System/Library/PrivateFrameworks/MultitouchSupport.framework/Versions/A/MultitouchSupport
0x00007fff2bedf000 	/System/Library/PrivateFrameworks/InternationalSupport.framework/Versions/A/InternationalSupport
0x00007fff24ba5000 	/usr/lib/libenergytrace.dylib
0x00007fff22b8b000 	/System/Library/Frameworks/IOKit.framework/Versions/A/IOKit
0x00007fff2ffab000 	/System/Library/Frameworks/CoreServices.framework/Versions/A/CoreServices
0x00007fff27187000 	/System/Library/PrivateFrameworks/PerformanceAnalysis.framework/Versions/A/PerformanceAnalysis
0x00007fff6c915000 	/System/Library/Frameworks/OpenGL.framework/Versions/A/OpenGL
0x00007fff2bf64000 	/System/Library/PrivateFrameworks/UserActivity.framework/Versions/A/UserActivity
0x00007fff2562c000 	/System/Library/Frameworks/ColorSync.framework/Versions/A/ColorSync
0x00007fff28c84000 	/System/Library/Frameworks/CoreImage.framework/Versions/A/CoreImage
0x00007fff219dd000 	/System/Library/Frameworks/CoreText.framework/Versions/A/CoreText
0x00007fff28a49000 	/System/Library/Frameworks/ImageIO.framework/Versions/A/ImageIO
0x00007fff2a5c2000 	/System/Library/PrivateFrameworks/SoftLinking.framework/Versions/A/SoftLinking
0x00007fff2723d000 	/usr/lib/libxml2.2.dylib
0x00007fff2a834000 	/usr/lib/libcompression.dylib
0x00007fff24ba6000 	/usr/lib/libMobileGestalt.dylib
0x00007fff2be12000 	/System/Library/PrivateFrameworks/TextureIO.framework/Versions/A/TextureIO
0x00007fff2ae5a000 	/usr/lib/libate.dylib
0x00007fff2ac3f000 	/usr/lib/liblzma.5.dylib
0x00007fff20ef2000 	/System/Library/Frameworks/SystemConfiguration.framework/Versions/A/SystemConfiguration
0x00007fff2a5be000 	/usr/lib/libfakelink.dylib
0x00007fff246f8000 	/System/Library/Frameworks/CFNetwork.framework/Versions/A/CFNetwork
0x00007fff2a6fe000 	/usr/lib/libarchive.2.dylib
0x00007fff20f70000 	/usr/lib/libCRFSuite.dylib
0x00007fff29d91000 	/usr/lib/libbsm.0.dylib
0x00007fff240b4000 	/usr/lib/libnetwork.dylib
0x00007fff2a5c3000 	/usr/lib/libpcap.A.dylib
0x00007fff262fa000 	/usr/lib/libdns_services.dylib
0x00007fff2ac58000 	/usr/lib/libcoretls_cfhelpers.dylib
0x00007fff2a802000 	/usr/lib/libapple_nghttp2.dylib
0x00007fff2a556000 	/usr/lib/system/libkxld.dylib
0x00007fff25f60000 	/usr/lib/libsqlite3.dylib
0x00007fff2a2ce000 	/System/Library/PrivateFrameworks/AppleFSCompression.framework/Versions/A/AppleFSCompression
0x00007fff29d79000 	/usr/lib/libcoretls.dylib
0x00007fff2a82f000 	/usr/lib/libpam.2.dylib
0x00007fff2ad55000 	/usr/lib/libxar.1.dylib
0x00007fff29069000 	/System/Library/PrivateFrameworks/AppleSystemInfo.framework/Versions/A/AppleSystemInfo
0x00007fff299bc000 	/System/Library/PrivateFrameworks/IOMobileFramebuffer.framework/Versions/A/IOMobileFramebuffer
0x00007fff2a2de000 	/usr/lib/libbz2.1.0.dylib
0x00007fff2a5fb000 	/usr/lib/libiconv.2.dylib
0x00007fff2a54f000 	/usr/lib/libcharset.1.dylib
0x00007fff271c3000 	/System/Library/Frameworks/CoreServices.framework/Versions/A/Frameworks/FSEvents.framework/Versions/A/FSEvents
0x00007fff22829000 	/System/Library/Frameworks/CoreServices.framework/Versions/A/Frameworks/CarbonCore.framework/Versions/A/CarbonCore
0x00007fff26503000 	/System/Library/Frameworks/CoreServices.framework/Versions/A/Frameworks/Metadata.framework/Versions/A/Metadata
0x00007fff2a2f1000 	/System/Library/Frameworks/CoreServices.framework/Versions/A/Frameworks/OSServices.framework/Versions/A/OSServices
0x00007fff2a770000 	/System/Library/Frameworks/CoreServices.framework/Versions/A/Frameworks/SearchKit.framework/Versions/A/SearchKit
0x00007fff26284000 	/System/Library/Frameworks/CoreServices.framework/Versions/A/Frameworks/AE.framework/Versions/A/AE
0x00007fff208cd000 	/System/Library/Frameworks/CoreServices.framework/Versions/A/Frameworks/LaunchServices.framework/Versions/A/LaunchServices
0x00007fff2abf0000 	/System/Library/Frameworks/CoreServices.framework/Versions/A/Frameworks/DictionaryServices.framework/Versions/A/DictionaryServices
0x00007fff271cc000 	/System/Library/Frameworks/CoreServices.framework/Versions/A/Frameworks/SharedFileList.framework/Versions/A/SharedFileList
0x00007fff29d6d000 	/usr/lib/libCheckFix.dylib
0x00007fff24c19000 	/System/Library/PrivateFrameworks/TCC.framework/Versions/A/TCC
0x00007fff2906f000 	/System/Library/PrivateFrameworks/CoreNLP.framework/Versions/A/CoreNLP
0x00007fff264b6000 	/System/Library/PrivateFrameworks/MetadataUtilities.framework/Versions/A/MetadataUtilities
0x00007fff20fa6000 	/usr/lib/libmecabra.dylib
0x00007fff2a080000 	/System/Library/Frameworks/MLCompute.framework/Versions/A/MLCompute
0x00007fff29da2000 	/usr/lib/libmecab.dylib
0x00007fff29dec000 	/usr/lib/libgermantok.dylib
0x00007fff2a7d8000 	/usr/lib/libThaiTokenizer.dylib
0x00007fff2ad90000 	/usr/lib/libChineseTokenizer.dylib
0x00007fff2a82d000 	/System/Library/Frameworks/MetalPerformanceShaders.framework/Versions/A/MetalPerformanceShaders
0x00007fff265a5000 	/System/Library/Frameworks/Accelerate.framework/Versions/A/Frameworks/vImage.framework/Versions/A/vImage
0x00007fff2ff84000 	/System/Library/Frameworks/Accelerate.framework/Versions/A/Frameworks/vecLib.framework/Versions/A/vecLib
0x00007fff2ad9b000 	/System/Library/Frameworks/Accelerate.framework/Versions/A/Frameworks/vecLib.framework/Versions/A/libvMisc.dylib
0x00007fff297d5000 	/System/Library/Frameworks/Accelerate.framework/Versions/A/Frameworks/vecLib.framework/Versions/A/libvDSP.dylib
0x00007fff20bd1000 	/System/Library/Frameworks/Accelerate.framework/Versions/A/Frameworks/vecLib.framework/Versions/A/libBLAS.dylib
0x00007fff2a853000 	/System/Library/Frameworks/Accelerate.framework/Versions/A/Frameworks/vecLib.framework/Versions/A/libLAPACK.dylib
0x00007fff29df2000 	/System/Library/Frameworks/Accelerate.framework/Versions/A/Frameworks/vecLib.framework/Versions/A/libLinearAlgebra.dylib
0x00007fff2a81a000 	/System/Library/Frameworks/Accelerate.framework/Versions/A/Frameworks/vecLib.framework/Versions/A/libSparseBLAS.dylib
0x00007fff2a84d000 	/System/Library/Frameworks/Accelerate.framework/Versions/A/Frameworks/vecLib.framework/Versions/A/libQuadrature.dylib
0x00007fff29117000 	/System/Library/Frameworks/Accelerate.framework/Versions/A/Frameworks/vecLib.framework/Versions/A/libBNNS.dylib
0x00007fff20e83000 	/System/Library/Frameworks/Accelerate.framework/Versions/A/Frameworks/vecLib.framework/Versions/A/libSparse.dylib
0x00007fff29002000 	/System/Library/Frameworks/MetalPerformanceShaders.framework/Versions/A/Frameworks/MPSCore.framework/Versions/A/MPSCore
0x00007fff2a23d000 	/System/Library/Frameworks/MetalPerformanceShaders.framework/Versions/A/Frameworks/MPSImage.framework/Versions/A/MPSImage
0x00007fff29e08000 	/System/Library/Frameworks/MetalPerformanceShaders.framework/Versions/A/Frameworks/MPSNeuralNetwork.framework/Versions/A/MPSNeuralNetwork
0x00007fff2a1c8000 	/System/Library/Frameworks/MetalPerformanceShaders.framework/Versions/A/Frameworks/MPSMatrix.framework/Versions/A/MPSMatrix
0x00007fff2a030000 	/System/Library/Frameworks/MetalPerformanceShaders.framework/Versions/A/Frameworks/MPSRayIntersector.framework/Versions/A/MPSRayIntersector
0x00007fff2a1ff000 	/System/Library/Frameworks/MetalPerformanceShaders.framework/Versions/A/Frameworks/MPSNDArray.framework/Versions/A/MPSNDArray
0x00007fff20afd000 	/System/Library/PrivateFrameworks/MetalTools.framework/Versions/A/MetalTools
0x00007fff29067000 	/System/Library/PrivateFrameworks/AggregateDictionary.framework/Versions/A/AggregateDictionary
0x00007fff2648e000 	/System/Library/PrivateFrameworks/CoreAnalytics.framework/Versions/A/CoreAnalytics
0x00007fff2a7da000 	/System/Library/PrivateFrameworks/AppleSauce.framework/Versions/A/AppleSauce
0x00007fff28374000 	/System/Library/PrivateFrameworks/IOAccelerator.framework/Versions/A/IOAccelerator
0x00007fff6c909000 	/System/Library/Frameworks/OpenGL.framework/Versions/A/Libraries/libCoreFSCache.dylib
0x00007fff21542000 	/System/Library/PrivateFrameworks/LanguageModeling.framework/Versions/A/LanguageModeling
0x00007fff299a9000 	/System/Library/PrivateFrameworks/CoreEmoji.framework/Versions/A/CoreEmoji
0x00007fff29110000 	/System/Library/PrivateFrameworks/LinguisticData.framework/Versions/A/LinguisticData
0x00007fff20e35000 	/System/Library/PrivateFrameworks/Lexicon.framework/Versions/A/Lexicon
0x00007fff2a6ec000 	/usr/lib/libcmph.dylib
0x00007fff271a3000 	/System/Library/Frameworks/OpenDirectory.framework/Versions/A/Frameworks/CFOpenDirectory.framework/Versions/A/CFOpenDirectory
0x00007fff27193000 	/System/Library/Frameworks/OpenDirectory.framework/Versions/A/OpenDirectory
0x00007fff2ac5a000 	/System/Library/PrivateFrameworks/APFS.framework/Versions/A/APFS
0x00007fff29cce000 	/System/Library/Frameworks/SecurityFoundation.framework/Versions/A/SecurityFoundation
0x00007fff2ad63000 	/usr/lib/libutil.dylib
0x00007fff22b50000 	/System/Library/PrivateFrameworks/CoreServicesStore.framework/Versions/A/CoreServicesStore
0x00007fff29d65000 	/System/Library/Frameworks/ServiceManagement.framework/Versions/A/ServiceManagement
0x00007fff2ad67000 	/usr/lib/libxslt.1.dylib
0x00007fff29d5b000 	/System/Library/PrivateFrameworks/BackgroundTaskManagement.framework/Versions/A/BackgroundTaskManagement
0x00007fff2bd5c000 	/System/Library/Frameworks/ImageIO.framework/Versions/A/Resources/libRadiance.dylib
0x00007fff2bd66000 	/System/Library/Frameworks/ImageIO.framework/Versions/A/Resources/libJPEG.dylib
0x00007fff2bcb1000 	/System/Library/Frameworks/ImageIO.framework/Versions/A/Resources/libPng.dylib
0x00007fff2bcd8000 	/System/Library/Frameworks/ImageIO.framework/Versions/A/Resources/libTIFF.dylib
0x00007fff2bdbb000 	/System/Library/Frameworks/ImageIO.framework/Versions/A/Resources/libGIF.dylib
0x00007fff2ba14000 	/System/Library/Frameworks/ImageIO.framework/Versions/A/Resources/libJP2.dylib
0x00007fff2b0fe000 	/usr/lib/libexpat.1.dylib
0x00007fff2b9c9000 	/System/Library/PrivateFrameworks/AppleJPEG.framework/Versions/A/AppleJPEG
0x00007fff285aa000 	/System/Library/PrivateFrameworks/FontServices.framework/libFontParser.dylib
0x00007fff26238000 	/System/Library/PrivateFrameworks/RunningBoardServices.framework/Versions/A/RunningBoardServices
0x00007fff2baf3000 	/System/Library/PrivateFrameworks/WatchdogClient.framework/Versions/A/WatchdogClient
0x00007fff2162f000 	/System/Library/Frameworks/CoreDisplay.framework/Versions/A/CoreDisplay
0x00007fff284c0000 	/System/Library/Frameworks/CoreMedia.framework/Versions/A/CoreMedia
0x00007fff27320000 	/System/Library/Frameworks/CoreVideo.framework/Versions/A/CoreVideo
0x00007fff2bb2b000 	/System/Library/Frameworks/VideoToolbox.framework/Versions/A/VideoToolbox
0x00007fff261b6000 	/System/Library/PrivateFrameworks/BaseBoard.framework/Versions/A/BaseBoard
0x00007fff2b243000 	/System/Library/PrivateFrameworks/PersistentConnection.framework/Versions/A/PersistentConnection
0x00007fff25f49000 	/System/Library/PrivateFrameworks/ProtocolBuffer.framework/Versions/A/ProtocolBuffer
0x00007fff2619d000 	/System/Library/PrivateFrameworks/CommonUtilities.framework/Versions/A/CommonUtilities
0x00007fff2b95e000 	/System/Library/PrivateFrameworks/Bom.framework/Versions/A/Bom
0x00007fff2bd55000 	/System/Library/PrivateFrameworks/GPUWrangler.framework/Versions/A/GPUWrangler
0x00007fff2bd38000 	/System/Library/PrivateFrameworks/IOPresentment.framework/Versions/A/IOPresentment
0x00007fff2bd60000 	/System/Library/PrivateFrameworks/DSExternalDisplay.framework/Versions/A/DSExternalDisplay
0x00007fff2bdc0000 	/System/Library/PrivateFrameworks/CMCaptureCore.framework/Versions/A/CMCaptureCore
0x00007fff2b6e3000 	/System/Library/PrivateFrameworks/AppServerSupport.framework/Versions/A/AppServerSupport
0x00007fff2d794000 	/System/Library/PrivateFrameworks/perfdata.framework/Versions/A/perfdata
0x00007fff29cbd000 	/System/Library/PrivateFrameworks/AssertionServices.framework/Versions/A/AssertionServices
0x00007fff21766000 	/System/Library/PrivateFrameworks/AudioToolboxCore.framework/Versions/A/AudioToolboxCore
0x00007fff284a3000 	/System/Library/PrivateFrameworks/caulk.framework/Versions/A/caulk
0x00007fff3d43f000 	/System/Library/PrivateFrameworks/SystemPolicy.framework/Versions/A/SystemPolicy
0x00007fff2aef3000 	/usr/lib/libIOReport.dylib
0x00007fff2cfb6000 	/usr/lib/libSMC.dylib
0x00007fff2bc7e000 	/usr/lib/libAudioToolboxUtility.dylib
0x00007fff3dda9000 	/usr/lib/libmis.dylib
0x00007fff6c965000 	/System/Library/Frameworks/OpenGL.framework/Versions/A/Libraries/libGLU.dylib
0x00007fff6c928000 	/System/Library/Frameworks/OpenGL.framework/Versions/A/Libraries/libGFXShared.dylib
0x00007fff6cb37000 	/System/Library/Frameworks/OpenGL.framework/Versions/A/Libraries/libGL.dylib
0x00007fff6c931000 	/System/Library/Frameworks/OpenGL.framework/Versions/A/Libraries/libGLImage.dylib
0x00007fff6c925000 	/System/Library/Frameworks/OpenGL.framework/Versions/A/Libraries/libCVMSPluginSupport.dylib
0x00007fff6c910000 	/System/Library/Frameworks/OpenGL.framework/Versions/A/Libraries/libCoreVMClient.dylib
0x00007fff6df78000 	/System/Library/Frameworks/OpenCL.framework/Versions/A/OpenCL
0x00007fff2b26d000 	/System/Library/PrivateFrameworks/GraphVisualizer.framework/Versions/A/GraphVisualizer
0x00007fff2b27c000 	/System/Library/PrivateFrameworks/FaceCore.framework/Versions/A/FaceCore
0x00007fff2b698000 	/System/Library/PrivateFrameworks/OTSVG.framework/Versions/A/OTSVG
0x00007fff26f17000 	/System/Library/Frameworks/ApplicationServices.framework/Versions/A/Frameworks/ATS.framework/Versions/A/Resources/libFontRegistry.dylib
0x00007fff2b6ea000 	/System/Library/PrivateFrameworks/FontServices.framework/libhvf.dylib
0x00007fff2b0aa000 	/System/Library/PrivateFrameworks/AppleVA.framework/Versions/A/AppleVA
0x00007fff2cdff000 	/System/Library/Frameworks/ApplicationServices.framework/Versions/A/Frameworks/ATS.framework/Versions/A/ATS
0x00007fff2d111000 	/System/Library/Frameworks/ApplicationServices.framework/Versions/A/Frameworks/ColorSyncLegacy.framework/Versions/A/ColorSyncLegacy
0x00007fff25723000 	/System/Library/Frameworks/ApplicationServices.framework/Versions/A/Frameworks/HIServices.framework/Versions/A/HIServices
0x00007fff2d0f6000 	/System/Library/Frameworks/ApplicationServices.framework/Versions/A/Frameworks/LangAnalysis.framework/Versions/A/LangAnalysis
0x00007fff2bdca000 	/System/Library/Frameworks/ApplicationServices.framework/Versions/A/Frameworks/PrintCore.framework/Versions/A/PrintCore
0x00007fff2d119000 	/System/Library/Frameworks/ApplicationServices.framework/Versions/A/Frameworks/QD.framework/Versions/A/QD
0x00007fff2cdef000 	/System/Library/Frameworks/ApplicationServices.framework/Versions/A/Frameworks/SpeechSynthesis.framework/Versions/A/SpeechSynthesis
0x00007fff2bd8b000 	/System/Library/Frameworks/ApplicationServices.framework/Versions/A/Frameworks/ATSUI.framework/Versions/A/ATSUI
0x00007fff2d096000 	/usr/lib/libcups.2.dylib
0x00007fff2d106000 	/System/Library/PrivateFrameworks/NetAuth.framework/Versions/A/NetAuth
0x00007fff2d7b0000 	/System/Library/Frameworks/Kerberos.framework/Versions/A/Kerberos
0x00007fff2d7c0000 	/System/Library/Frameworks/GSS.framework/Versions/A/GSS
0x00007fff2ce6b000 	/usr/lib/libresolv.9.dylib
0x00007fff2b6ff000 	/System/Library/PrivateFrameworks/Heimdal.framework/Versions/A/Heimdal
0x00007fff33544000 	/System/Library/Frameworks/Kerberos.framework/Versions/A/Libraries/libHeimdalProxy.dylib
0x00007fff26309000 	/System/Library/Frameworks/Network.framework/Versions/A/Network
0x00007fff2b118000 	/usr/lib/libheimdal-asn1.dylib
0x00007fff2d810000 	/System/Library/PrivateFrameworks/CommonAuth.framework/Versions/A/CommonAuth
0x00007fff2736d000 	/System/Library/PrivateFrameworks/login.framework/Versions/A/Frameworks/loginsupport.framework/Versions/A/loginsupport
0x00007fff2cd74000 	/System/Library/PrivateFrameworks/AudioSession.framework/Versions/A/AudioSession
0x00007fff2cddc000 	/usr/lib/libAudioStatistics.dylib
0x00007fff2b1a5000 	/System/Library/PrivateFrameworks/MediaExperience.framework/Versions/A/MediaExperience
0x00007fff2cc11000 	/System/Library/PrivateFrameworks/AudioSession.framework/libSessionUtility.dylib
0x00007fff2d7a1000 	/usr/lib/libperfcheck.dylib
0x00007fff2d125000 	/System/Library/PrivateFrameworks/AudioResourceArbitration.framework/Versions/A/AudioResourceArbitration
0x00007fff2b122000 	/System/Library/PrivateFrameworks/IconFoundation.framework/Versions/A/IconFoundation
0x00007fff2fc4e000 	/System/Library/PrivateFrameworks/SpeechRecognitionCore.framework/Versions/A/SpeechRecognitionCore
0x0000000107800000 	/Users/deca/Library/Java/JavaVirtualMachines/openjdk-19.0.2/Contents/Home/lib/server/libjvm.dylib
0x000000010528b000 	/Users/deca/Library/Java/JavaVirtualMachines/openjdk-19.0.2/Contents/Home/lib/libjimage.dylib
0x000000010529d000 	/Users/deca/Library/Java/JavaVirtualMachines/openjdk-19.0.2/Contents/Home/lib/libinstrument.dylib
0x00000001052b1000 	/Users/deca/Library/Java/JavaVirtualMachines/openjdk-19.0.2/Contents/Home/lib/libjava.dylib
0x00000001057df000 	/Users/deca/Library/Java/JavaVirtualMachines/openjdk-19.0.2/Contents/Home/lib/libzip.dylib
0x0000000110fec000 	/Users/deca/Library/Java/JavaVirtualMachines/openjdk-19.0.2/Contents/Home/lib/libnio.dylib
0x0000000111008000 	/Users/deca/Library/Java/JavaVirtualMachines/openjdk-19.0.2/Contents/Home/lib/libnet.dylib
0x0000000111024000 	/Users/deca/Library/Java/JavaVirtualMachines/openjdk-19.0.2/Contents/Home/lib/libextnet.dylib
0x0000000111034000 	/Users/deca/Library/Java/JavaVirtualMachines/openjdk-19.0.2/Contents/Home/lib/libmanagement.dylib
0x0000000111044000 	/Users/deca/Library/Java/JavaVirtualMachines/openjdk-19.0.2/Contents/Home/lib/libmanagement_ext.dylib
0x0000000111054000 	/Users/deca/Library/Java/JavaVirtualMachines/openjdk-19.0.2/Contents/Home/lib/libverify.dylib


VM Arguments:
jvm_args: -XX:TieredStopAtLevel=1 -Dspring.output.ansi.enabled=always -Dcom.sun.management.jmxremote -Dspring.jmx.enabled=true -Dspring.liveBeansView.mbeanDomain -Dspring.application.admin.enabled=true -Dmanagement.endpoints.jmx.exposure.include=* -javaagent:/Applications/IntelliJ IDEA.app/Contents/lib/idea_rt.jar=50006:/Applications/IntelliJ IDEA.app/Contents/bin -Dfile.encoding=UTF-8 -Dsun.stdout.encoding=UTF-8 -Dsun.stderr.encoding=UTF-8 
java_command: com.AjoPay.AjoPay.AjoPayApplication
java_class_path (initial): /Users/deca/Downloads/KoloPay/target/classes:/Users/deca/.m2/repository/org/springframework/boot/spring-boot-starter-data-jpa/3.0.6/spring-boot-starter-data-jpa-3.0.6.jar:/Users/deca/.m2/repository/org/springframework/boot/spring-boot-starter-aop/3.0.6/spring-boot-starter-aop-3.0.6.jar:/Users/deca/.m2/repository/org/aspectj/aspectjweaver/1.9.19/aspectjweaver-1.9.19.jar:/Users/deca/.m2/repository/org/springframework/boot/spring-boot-starter-jdbc/3.0.6/spring-boot-starter-jdbc-3.0.6.jar:/Users/deca/.m2/repository/com/zaxxer/HikariCP/5.0.1/HikariCP-5.0.1.jar:/Users/deca/.m2/repository/org/springframework/spring-jdbc/6.0.8/spring-jdbc-6.0.8.jar:/Users/deca/.m2/repository/org/hibernate/orm/hibernate-core/6.1.7.Final/hibernate-core-6.1.7.Final.jar:/Users/deca/.m2/repository/jakarta/persistence/jakarta.persistence-api/3.1.0/jakarta.persistence-api-3.1.0.jar:/Users/deca/.m2/repository/jakarta/transaction/jakarta.transaction-api/2.0.1/jakarta.transaction-api-2.0.1.jar:/Users/deca/.m2/repository/org/hibernate/common/hibernate-commons-annotations/6.0.6.Final/hibernate-commons-annotations-6.0.6.Final.jar:/Users/deca/.m2/repository/org/jboss/jandex/2.4.2.Final/jandex-2.4.2.Final.jar:/Users/deca/.m2/repository/net/bytebuddy/byte-buddy/1.12.23/byte-buddy-1.12.23.jar:/Users/deca/.m2/repository/org/glassfish/jaxb/jaxb-runtime/4.0.2/jaxb-runtime-4.0.2.jar:/Users/deca/.m2/repository/org/glassfish/jaxb/jaxb-core/4.0.2/jaxb-core-4.0.2.jar:/Users/deca/.m2/repository/org/eclipse/angus/angus-activation/2.0.0/angus-activation-2.0.0.jar:/Users/deca/.m2/repository/org/glassfish/jaxb/txw2/4.0.2/txw2-4.0.2.jar:/Users/deca/.m2/repository/com/sun/istack/istack-commons-runtime/4.1.1/istack-commons-runtime-4.1.1.jar:/Users/deca/.m2/repository/jakarta/inject/jakarta.inject-api/2.0.0/jakarta.inject-api-2.0.0.jar:/Users/deca/.m2/repository/org/antlr/antlr4-runtime/4.10.1/antlr4-runtime-4.10.1.jar:/Users/deca/.m2/repository/org/springframework/data/spring-data-jpa/3.0.5/spring-data-jpa-3.0.5.jar:/Users/deca/.m2/repository/org/springframework/data/spring-data-commons/3.0.5/spring-data-commons-3.0.5.jar:/Users/deca/.m2/repository/org/springframework/spring-orm/6.0.8/spring-orm-6.0.8.jar:/Users/deca/.m2/repository/org/springframework/spring-context/6.0.8/spring-context-6.0.8.jar:/Users/deca/.m2/repository/org/springframework/spring-tx/6.0.8/spring-tx-6.0.8.jar:/Users/deca/.m2/repository/org/springframework/spring-beans/6.0.8/spring-beans-6.0.8.jar:/Users/deca/.m2/repository/jakarta/annotation/jakarta.annotation-api/2.1.1/jakarta.annotation-api-2.1.1.jar:/Users/deca/.m2/repository/org/slf4j/slf4j-api/2.0.7/slf4j-api-2.0.7.jar:/Users/deca/.m2/repository/org/springframework/spring-aspects/6.0.8/spring-aspects-6.0.8.jar:/Users/deca/.m2/repository/org/springframework/boot/spring-boot-starter-thymeleaf/3.0.6/spring-boot-starter-thymeleaf-3.0.6.jar:/Users/deca/.m2/repository/org/springframework/boot/spring-boot-starter/3.0.6/spring-boot-starter-3.0.6.jar:/Users/deca/.m2/repository/org/springframework/boot/spring-boot/3.0.6/spring-boot-3.0.6.jar:/Users/deca/.m2/repository/org/springframework/boot/spring-boot-autoconfigure/3.0.6/spring-boot-autoconfigure-3.0.6.jar:/Users/deca/.m2/repository/org/springframework/boot/spring-boot-starter-logging/3.0.6/spring-boot-starter-logging-3.0.6.jar:/Users/deca/.m2/repository/ch/qos/logback/logback-classic/1.4.7/logback-classic-1.4.7.jar:/Users/deca/.m2/repository/ch/qos/logback/logback-core/1.4.7/logback-core-1.4.7.jar:/Users/deca/.m2/repository/org/apache/logging/log4j/log4j-to-slf4j/2.19.0/log4j-to-slf4j-2.19.0.jar:/Users/deca/.m2/repository/org/apache/logging/log4j/log4j-api/2.19.0/log4j-api-2.19.0.jar:/Users/deca/.m2/repository/org/slf4j/jul-to-slf4j/2.0.7/jul-to-slf4j-2.0.7.jar:/Users/deca/.m2/repository/org/yaml/snakeyaml/1.33/snakeyaml-1.33.jar:/Users/deca/.m2/repository/org/thymeleaf/thymeleaf-spring6/3.1.1.RELEASE/thymeleaf-spring6-3.1.1.RELEASE.jar:/Users/deca/.m2/repository/org/thymeleaf/thymeleaf/3.1.1.RELEASE/thymeleaf-3.1.1.RELEASE.jar:/Users/deca/.m2/repository/org/attoparser/attoparser/2.0.6.RELEASE/attoparser-2.0.6.RELEASE.jar:/Users/deca/.m2/repository/org/unbescape/unbescape/1.1.6.RELEASE/unbescape-1.1.6.RELEASE.jar:/Users/deca/.m2/repository/org/springframework/boot/spring-boot-starter-web/3.0.6/spring-boot-starter-web-3.0.6.jar:/Users/deca/.m2/repository/org/springframework/boot/spring-boot-starter-json/3.0.6/spring-boot-starter-json-3.0.6.jar:/Users/deca/.m2/repository/com/fasterxml/jackson/datatype/jackson-datatype-jdk8/2.14.2/jackson-datatype-jdk8-2.14.2.jar:/Users/deca/.m2/repository/com/fasterxml/jackson/datatype/jackson-datatype-jsr310/2.14.2/jackson-datatype-jsr310-2.14.2.jar:/Users/deca/.m2/repository/com/fasterxml/jackson/module/jackson-module-parameter-names/2.14.2/jackson-module-parameter-names-2.14.2.jar:/Users/deca/.m2/repository/org/springframework/boot/spring-boot-starter-tomcat/3.0.6/spring-boot-starter-tomcat-3.0.6.jar:/Users/deca/.m2/repository/org/apache/tomcat/embed/tomcat-embed-core/10.1.8/tomcat-embed-core-10.1.8.jar:/Users/deca/.m2/repository/org/apache/tomcat/embed/tomcat-embed-websocket/10.1.8/tomcat-embed-websocket-10.1.8.jar:/Users/deca/.m2/repository/org/springframework/spring-web/6.0.8/spring-web-6.0.8.jar:/Users/deca/.m2/repository/io/micrometer/micrometer-observation/1.10.6/micrometer-observation-1.10.6.jar:/Users/deca/.m2/repository/io/micrometer/micrometer-commons/1.10.6/micrometer-commons-1.10.6.jar:/Users/deca/.m2/repository/org/springframework/spring-webmvc/6.0.8/spring-webmvc-6.0.8.jar:/Users/deca/.m2/repository/org/springframework/spring-expression/6.0.8/spring-expression-6.0.8.jar:/Users/deca/.m2/repository/org/hibernate/validator/hibernate-validator/8.0.0.Final/hibernate-validator-8.0.0.Final.jar:/Users/deca/.m2/repository/jakarta/validation/jakarta.validation-api/3.0.2/jakarta.validation-api-3.0.2.jar:/Users/deca/.m2/repository/org/jboss/logging/jboss-logging/3.5.0.Final/jboss-logging-3.5.0.Final.jar:/Users/deca/.m2/repository/com/fasterxml/classmate/1.5.1/classmate-1.5.1.jar:/Users/deca/.m2/repository/org/springframework/boot/spring-boot-starter-validation/3.0.6/spring-boot-starter-validation-3.0.6.jar:/Users/deca/.m2/repository/org/apache/tomcat/embed/tomcat-embed-el/10.1.8/tomcat-embed-el-10.1.8.jar:/Users/deca/.m2/repository/com/auth0/java-jwt/3.18.2/java-jwt-3.18.2.jar:/Users/deca/.m2/repository/com/fasterxml/jackson/core/jackson-databind/2.14.2/jackson-databind-2.14.2.jar:/Users/deca/.m2/repository/com/fasterxml/jackson/core/jackson-annotations/2.14.2/jackson-annotations-2.14.2.jar:/Users/deca/.m2/repository/com/fasterxml/jackson/core/jackson-core/2.14.2/jackson-core-2.14.2.jar:/Users/deca/.m2/repository/org/springframework/boot/spring-boot-starter-security/3.0.6/spring-boot-starter-security-3.0.6.jar:/Users/deca/.m2/repository/org/springframework/spring-aop/6.0.8/spring-aop-6.0.8.jar:/Users/deca/.m2/repository/org/springframework/security/spring-security-config/6.0.3/spring-security-config-6.0.3.jar:/Users/deca/.m2/repository/org/springframework/security/spring-security-core/6.0.3/spring-security-core-6.0.3.jar:/Users/deca/.m2/repository/org/springframework/security/spring-security-crypto/6.0.3/spring-security-crypto-6.0.3.jar:/Users/deca/.m2/repository/org/springframework/security/spring-security-web/6.0.3/spring-security-web-6.0.3.jar:/Users/deca/.m2/repository/com/mysql/mysql-connector-j/8.0.33/mysql-connector-j-8.0.33.jar:/Users/deca/.m2/repository/org/projectlombok/lombok/1.18.26/lombok-1.18.26.jar:/Users/deca/.m2/repository/jakarta/xml/bind/jakarta.xml.bind-api/4.0.0/jakarta.xml.bind-api-4.0.0.jar:/Users/deca/.m2/repository/jakarta/activation/jakarta.activation-api/2.1.1/jakarta.activation-api-2.1.1.jar:/Users/deca/.m2/repository/org/springframework/spring-core/6.0.8/spring-core-6.0.8.jar:/Users/deca/.m2/repository/org/springframework/spring-jcl/6.0.8/spring-jcl-6.0.8.jar
Launcher Type: SUN_STANDARD

[Global flags]
     intx CICompilerCount                          = 3                                         {product} {ergonomic}
     uint ConcGCThreads                            = 1                                         {product} {ergonomic}
     uint G1ConcRefinementThreads                  = 4                                         {product} {ergonomic}
   size_t G1HeapRegionSize                         = 1048576                                   {product} {ergonomic}
    uintx GCDrainStackTargetSize                   = 64                                        {product} {ergonomic}
   size_t InitialHeapSize                          = 134217728                                 {product} {ergonomic}
     bool ManagementServer                         = true                                      {product} {command line}
   size_t MarkStackSize                            = 4194304                                   {product} {ergonomic}
   size_t MaxHeapSize                              = 2147483648                                {product} {ergonomic}
   size_t MaxNewSize                               = 1287651328                                {product} {ergonomic}
   size_t MinHeapDeltaBytes                        = 1048576                                   {product} {ergonomic}
   size_t MinHeapSize                              = 8388608                                   {product} {ergonomic}
    uintx NonProfiledCodeHeapSize                  = 0                                      {pd product} {ergonomic}
     bool ProfileInterpreter                       = false                                  {pd product} {command line}
    uintx ProfiledCodeHeapSize                     = 0                                      {pd product} {ergonomic}
   size_t SoftMaxHeapSize                          = 2147483648                             {manageable} {ergonomic}
     intx TieredStopAtLevel                        = 1                                         {product} {command line}
     bool UseCompressedClassPointers               = true                           {product lp64_product} {ergonomic}
     bool UseCompressedOops                        = true                           {product lp64_product} {ergonomic}
     bool UseG1GC                                  = true                                      {product} {ergonomic}
     bool UseNUMA                                  = false                                     {product} {ergonomic}
     bool UseNUMAInterleaving                      = false                                     {product} {ergonomic}

Logging:
Log output configuration:
 #0: stdout all=warning uptime,level,tags foldmultilines=false
 #1: stderr all=off uptime,level,tags foldmultilines=false

Environment Variables:
PATH=/usr/local/bin:/usr/bin:/bin:/usr/sbin:/sbin:/Applications/Postgres.app/Contents/Versions/latest/bin
SHELL=/bin/zsh
LC_CTYPE=en_NG.UTF-8
TMPDIR=/var/folders/wz/ql_j3nvj437drhv8q2kmq4b00000gp/T/

Active Locale:
LC_ALL=C
LC_COLLATE=C
LC_CTYPE=C
LC_MESSAGES=C
LC_MONETARY=C
LC_NUMERIC=C
LC_TIME=C

Signal Handlers:
   SIGSEGV: crash_handler in libjvm.dylib, mask=11100110000111110111111111111111, flags=SA_RESTART|SA_SIGINFO
    SIGBUS: crash_handler in libjvm.dylib, mask=11100110000111110111111111111111, flags=SA_RESTART|SA_SIGINFO
    SIGFPE: crash_handler in libjvm.dylib, mask=11100110000111110111111111111111, flags=SA_RESTART|SA_SIGINFO
   SIGPIPE: javaSignalHandler in libjvm.dylib, mask=11100110000111110111111111111111, flags=SA_RESTART|SA_SIGINFO
   SIGXFSZ: javaSignalHandler in libjvm.dylib, mask=11100110000111110111111111111111, flags=SA_RESTART|SA_SIGINFO
    SIGILL: crash_handler in libjvm.dylib, mask=11100110000111110111111111111111, flags=SA_RESTART|SA_SIGINFO
   SIGUSR2: SR_handler in libjvm.dylib, mask=00100000000000000000000000000000, flags=SA_RESTART|SA_SIGINFO
    SIGHUP: UserHandler in libjvm.dylib, mask=11100110000111110111111111111111, flags=SA_RESTART|SA_SIGINFO
    SIGINT: UserHandler in libjvm.dylib, mask=11100110000111110111111111111111, flags=SA_RESTART|SA_SIGINFO
   SIGTERM: UserHandler in libjvm.dylib, mask=11100110000111110111111111111111, flags=SA_RESTART|SA_SIGINFO
   SIGQUIT: UserHandler in libjvm.dylib, mask=11100110000111110111111111111111, flags=SA_RESTART|SA_SIGINFO
   SIGTRAP: crash_handler in libjvm.dylib, mask=11100110000111110111111111111111, flags=SA_RESTART|SA_SIGINFO


---------------  S Y S T E M  ---------------

OS:
uname: Darwin 20.3.0 Darwin Kernel Version 20.3.0: Thu Jan 21 00:07:06 PST 2021; root:xnu-7195.81.3~1/RELEASE_X86_64 x86_64
OS uptime: 0 days 3:10 hours
rlimit (soft/hard): STACK 8192k/65532k , CORE 0k/infinity , NPROC 1392/2088 , NOFILE 10240/infinity , AS infinity/infinity , CPU infinity/infinity , DATA infinity/infinity , FSIZE infinity/infinity , MEMLOCK infinity/infinity , RSS infinity/infinity
load average: 10.49 7.81 6.27

CPU: total 4 (initial active 4) (2 cores per cpu, 2 threads per core) family 6 model 61 stepping 4 microcode 0x2f, cx8, cmov, fxsr, ht, mmx, 3dnowpref, sse, sse2, sse3, ssse3, sse4.1, sse4.2, popcnt, lzcnt, tsc, tscinvbit, avx, avx2, aes, erms, clmul, bmi1, bmi2, adx, fma, vzeroupper, clflush, rdtscp

Memory: 4k page, physical 8388608k(19464k free), swap 1048576k(1036544k free)

vm_info: OpenJDK 64-Bit Server VM (19.0.2+7-44) for bsd-amd64 JRE (19.0.2+7-44), built on 2022-11-30T18:02:09Z by "mach5one" with clang Apple LLVM 12.0.0 (clang-1200.0.32.29)

END.
